<?xml version="1.0" encoding="UTF-8"?>
<testsuites name="tCC Test Suite 1" time="491.764" tests="7" failures="2" errors="0">
   <testsuite name="tCC Test Suite 1" tests="7" failures="2" errors="0" time="491.764" timestamp="2020-09-28 17:40:12" hostname="cckozie - 192.168.1.2" id="Test Suites/tCC Test Suite 1">
      <properties>
[...]
</properties>
      <testcase name="Test Cases/tCC Test Cases/tCC tN Test Column Options" time="105.912" classname="Test Cases/tCC Test Cases/tCC tN Test Column Options" status="PASSED">
         <system-out><![CDATA[2020-09-28 17:40:13 - [TEST_CASE][PASSED] - Test Cases/tCC Test Cases/tCC tN Test Column Options: Test Cases/tCC Test Cases/tCC tN Test Column Options

2020-09-28 17:40:13 - [TEST_STEP][PASSED] - Start listener action : sampleBeforeTestCase: Execution profile is tCC Production

2020-09-28 17:40:13 - [TEST_STEP][PASSED] - tcMessages = []: null

2020-09-28 17:40:14 - [TEST_STEP][PASSED] - executionProfile = getExecutionProfile(): null

2020-09-28 17:40:14 - [TEST_STEP][PASSED] - logInfo("Execution profile is " + executionProfile): Execution profile is tCC Production

2020-09-28 17:40:14 - [MESSAGE][INFO] - Execution profile is tCC Production

2020-09-28 17:40:16 - [TEST_STEP][PASSED] - callTestCase(findTestCase("tCC Components/tCC tN Open For Edit"), [:], STOP_ON_FAILURE): Call Test Case 'Test Cases/tCC Components/tCC tN Open For Edit' successfully

2020-09-28 17:40:16 - [TEST_CASE][PASSED] - Test Cases/tCC Components/tCC tN Open For Edit: Test Cases/tCC Components/tCC tN Open For Edit

2020-09-28 17:40:16 - [TEST_STEP][PASSED] - callTestCase(findTestCase("tCC Components/tCC Login"), ["user":$username, "password":$password], STOP_ON_FAILURE): Call Test Case 'Test Cases/tCC Components/tCC Login' successfully

2020-09-28 17:40:17 - [TEST_CASE][PASSED] - Test Cases/tCC Components/tCC Login: Test Cases/tCC Components/tCC Login

2020-09-28 17:40:17 - [TEST_STEP][PASSED] - if (openBrowser): Current window maximized

2020-09-28 17:40:17 - [TEST_STEP][PASSED] - openBrowser(""): Browser is opened with url: ''

2020-09-28 17:40:18 - [MESSAGE][INFO] - Starting 'Chrome' driver

2020-09-28 17:40:18 - [MESSAGE][INFO] - Action delay is set to 0 milliseconds

2020-09-28 17:40:24 - [MESSAGE][PASSED] - Browser is opened with url: ''

2020-09-28 17:40:24 - [TEST_STEP][PASSED] - maximizeWindow(): Current window maximized

2020-09-28 17:40:24 - [MESSAGE][PASSED] - Current window maximized

2020-09-28 17:40:24 - [TEST_STEP][PASSED] - println("Opening " + url): null

2020-09-28 17:40:24 - [TEST_STEP][PASSED] - navigateToUrl(url): Navigate to 'http://create.translationcore.com' successfully

2020-09-28 17:40:29 - [MESSAGE][PASSED] - Navigate to 'http://create.translationcore.com' successfully

2020-09-28 17:40:29 - [TEST_STEP][PASSED] - waitForElementVisible(findTestObject("Page_tC Create/text_tCCVersion"), 30): Object 'Object Repository/Page_tC Create/text_tCCVersion' is visible

2020-09-28 17:40:30 - [MESSAGE][PASSED] - Object 'Object Repository/Page_tC Create/text_tCCVersion' is visible

2020-09-28 17:40:30 - [TEST_STEP][PASSED] - version = getText(findTestObject("Page_tC Create/text_tCCVersion")): Text of object 'Object Repository/Page_tC Create/text_tCCVersion' is: 'translationCore Create - v1.0.4'

2020-09-28 17:40:31 - [MESSAGE][PASSED] - Text of object 'Object Repository/Page_tC Create/text_tCCVersion' is: 'translationCore Create - v1.0.4'

2020-09-28 17:40:31 - [TEST_STEP][PASSED] - version = version: null

2020-09-28 17:40:31 - [TEST_STEP][PASSED] - println("Version is " + version): null

2020-09-28 17:40:31 - [TEST_STEP][PASSED] - if (user == ""): Object: 'Object Repository/Page_tC Create/button_Login' is clicked on

2020-09-28 17:40:31 - [TEST_STEP][PASSED] - println("Logging in as " + user1Name): null

2020-09-28 17:40:31 - [TEST_STEP][PASSED] - setText(findTestObject("Page_tC Create/input__username"), user1Name): Text 'tcc001' is set on object 'Object Repository/Page_tC Create/input__username'

2020-09-28 17:40:32 - [MESSAGE][PASSED] - Text 'tcc001' is set on object 'Object Repository/Page_tC Create/input__username'

2020-09-28 17:40:32 - [TEST_STEP][PASSED] - setText(findTestObject("Page_tC Create/input__password"), user1Password): Text 'tcc001' is set on object 'Object Repository/Page_tC Create/input__password'

2020-09-28 17:40:33 - [MESSAGE][PASSED] - Text 'tcc001' is set on object 'Object Repository/Page_tC Create/input__password'

2020-09-28 17:40:33 - [TEST_STEP][PASSED] - click(findTestObject("Page_tC Create/button_Login")): Object: 'Object Repository/Page_tC Create/button_Login' is clicked on

2020-09-28 17:40:33 - [MESSAGE][PASSED] - Object: 'Object Repository/Page_tC Create/button_Login' is clicked on

2020-09-28 17:40:33 - [MESSAGE][PASSED] - Call Test Case 'Test Cases/tCC Components/tCC Login' successfully

2020-09-28 17:40:33 - [TEST_STEP][PASSED] - if (callTestCase(findTestCase("tCC Components/tCC Select Org-Lang-Resource"), ["organization":"", "language":"", "resource":"unfoldingWord/en_tn"], STOP_ON_FAILURE) == false): Call Test Case 'Test Cases/tCC Components/tCC Select Org-Lang-Resource' successfully

2020-09-28 17:40:33 - [TEST_CASE][PASSED] - Test Cases/tCC Components/tCC Select Org-Lang-Resource: Test Cases/tCC Components/tCC Select Org-Lang-Resource

2020-09-28 17:40:34 - [TEST_STEP][PASSED] - if (organization == ""): null

2020-09-28 17:40:34 - [TEST_STEP][PASSED] - organization = organization: null

2020-09-28 17:40:34 - [TEST_STEP][PASSED] - if (language == ""): null

2020-09-28 17:40:34 - [TEST_STEP][PASSED] - language = langCode: null

2020-09-28 17:40:34 - [TEST_STEP][PASSED] - println("Choosing organization " + organization): null

2020-09-28 17:40:34 - [TEST_STEP][PASSED] - if (waitForElementPresent(organization, 5, OPTIONAL) == false): Object 'Object Repository/Page_tC Create/listOrg_translate_test' is present

2020-09-28 17:40:35 - [MESSAGE][PASSED] - Object 'Object Repository/Page_tC Create/listOrg_translate_test' is present

2020-09-28 17:40:35 - [TEST_STEP][PASSED] - else: null

2020-09-28 17:40:35 - [TEST_STEP][PASSED] - click(organization): Object: 'Object Repository/Page_tC Create/listOrg_translate_test' is clicked on

2020-09-28 17:40:36 - [MESSAGE][PASSED] - Object: 'Object Repository/Page_tC Create/listOrg_translate_test' is clicked on

2020-09-28 17:40:36 - [TEST_STEP][PASSED] - alerted = waitForAlert(2): No alert found after 2 second(s).

2020-09-28 17:40:38 - [MESSAGE][WARNING] - No alert found after 2 second(s).

2020-09-28 17:40:38 - [TEST_STEP][PASSED] - if (alerted == true): null

2020-09-28 17:40:38 - [TEST_STEP][PASSED] - else: Object: 'Object Repository/Page_tC Create/listOption_Language_Parmed' is clicked on

2020-09-28 17:40:38 - [TEST_STEP][PASSED] - println("Not alerted on organization"): null

2020-09-28 17:40:38 - [TEST_STEP][PASSED] - alertFlag = false: null

2020-09-28 17:40:38 - [TEST_STEP][PASSED] - println("Choosing resource " + resource): null

2020-09-28 17:40:38 - [TEST_STEP][PASSED] - click(findTestObject("Page_tC Create/resource_Parmed", ["resource":resource])): Object: 'Object Repository/Page_tC Create/resource_Parmed' is clicked on

2020-09-28 17:40:38 - [MESSAGE][PASSED] - Object: 'Object Repository/Page_tC Create/resource_Parmed' is clicked on

2020-09-28 17:40:38 - [TEST_STEP][PASSED] - println("Choosing language " + language): null

2020-09-28 17:40:38 - [TEST_STEP][PASSED] - click(findTestObject("Page_tC Create/combo_Select Language")): Object: 'Object Repository/Page_tC Create/combo_Select Language' is clicked on

2020-09-28 17:40:39 - [MESSAGE][PASSED] - Object: 'Object Repository/Page_tC Create/combo_Select Language' is clicked on

2020-09-28 17:40:39 - [TEST_STEP][PASSED] - click(findTestObject("Page_tC Create/listOption_Language_Parmed", ["lang_code":language])): Object: 'Object Repository/Page_tC Create/listOption_Language_Parmed' is clicked on

2020-09-28 17:40:40 - [MESSAGE][PASSED] - Object: 'Object Repository/Page_tC Create/listOption_Language_Parmed' is clicked on

2020-09-28 17:40:40 - [TEST_STEP][PASSED] - return true: null

2020-09-28 17:40:40 - [MESSAGE][PASSED] - Call Test Case 'Test Cases/tCC Components/tCC Select Org-Lang-Resource' successfully

2020-09-28 17:40:40 - [TEST_STEP][PASSED] - click(findTestObject("Page_tC Create/file_en_tn_57-TITtsv")): Object: 'Object Repository/Page_tC Create/file_en_tn_57-TITtsv' is clicked on

2020-09-28 17:40:42 - [MESSAGE][PASSED] - Object: 'Object Repository/Page_tC Create/file_en_tn_57-TITtsv' is clicked on

2020-09-28 17:40:42 - [MESSAGE][PASSED] - Call Test Case 'Test Cases/tCC Components/tCC tN Open For Edit' successfully

2020-09-28 17:40:42 - [TEST_STEP][PASSED] - page = "Page_tCC translationNotes/": null

2020-09-28 17:40:42 - [TEST_STEP][PASSED] - columns = []: null

2020-09-28 17:40:42 - [TEST_STEP][PASSED] - columns = ["columns_RowHeader", "columns_Book", "columns_Chapter", "columns_Verse", "columns_ID", "columns_SupportReference", "columns_OrigQuote", "columns_Occurrence", "columns_GLQuote", "columns_OccurrenceNote"]: null

2020-09-28 17:40:42 - [TEST_STEP][PASSED] - elements = []: null

2020-09-28 17:40:42 - [TEST_STEP][PASSED] - elements = [["text_RowHeader_TIT frontintro", "text_RowHeader_TIT 1intro", "text_RowHeader_Titus 11"], ["label_Book", "text_Book_TIT"], ["label_Chapter", "text_Chapter_front", "text_Chapter_1"], ["label_Verse", "text_Verse_intro", "text_Verse_1"], ["label_ID", "text_ID_m2jl", "text_ID_c7me"], ["label_SupportReference", "text_SupRef_figs-abstractnouns"], ["label_OrigQuote", "text_OrigQuote1", "text_OrigQuote2"], ["label_Occurrence", "text_Occurrence_0", "text_Occurrence_1"], ["label_GLQuote", "text_GLQuote_for the faith", "text_GLQuote_knowledge"], ["label_OccurrenceNote", "text_OccurrenceNote_Who wrote the Book of Titus"]]: null

2020-09-28 17:40:42 - [TEST_STEP][PASSED] - click(findTestObject("Page_tCC translationNotes/button_ViewColumns")): Object: 'Object Repository/Page_tCC translationNotes/button_ViewColumns' is clicked on

2020-09-28 17:40:49 - [MESSAGE][PASSED] - Object: 'Object Repository/Page_tCC translationNotes/button_ViewColumns' is clicked on

2020-09-28 17:40:49 - [TEST_STEP][PASSED] - println("Setting all columns OFF"): null

2020-09-28 17:40:49 - [TEST_STEP][PASSED] - logInfo("Setting all columns OFF"): Setting all columns OFF

2020-09-28 17:40:49 - [MESSAGE][INFO] - Setting all columns OFF

2020-09-28 17:40:49 - [TEST_STEP][PASSED] - for (def c : (0..(columns.size() - 1))): null

2020-09-28 17:40:49 - [TEST_STEP][PASSED] - col = page + columns[c]: null

2020-09-28 17:40:49 - [TEST_STEP][PASSED] - if (verifyElementChecked(findTestObject(col), 1, OPTIONAL) == true): null

2020-09-28 17:40:50 - [MESSAGE][PASSED] - Object 'Object Repository/Page_tCC translationNotes/columns_RowHeader' is checked

2020-09-28 17:40:50 - [TEST_STEP][PASSED] - click(findTestObject(col)): Object: 'Object Repository/Page_tCC translationNotes/columns_RowHeader' is clicked on

2020-09-28 17:40:52 - [MESSAGE][PASSED] - Object: 'Object Repository/Page_tCC translationNotes/columns_RowHeader' is clicked on

2020-09-28 17:40:52 - [TEST_STEP][PASSED] - verifyElementNotChecked(findTestObject(col), 1, CONTINUE_ON_FAILURE): Object 'Object Repository/Page_tCC translationNotes/columns_RowHeader' is not checked

2020-09-28 17:40:52 - [MESSAGE][PASSED] - Object 'Object Repository/Page_tCC translationNotes/columns_RowHeader' is not checked

2020-09-28 17:40:52 - [TEST_STEP][PASSED] - col = page + columns[c]: null

2020-09-28 17:40:52 - [TEST_STEP][PASSED] - if (verifyElementChecked(findTestObject(col), 1, OPTIONAL) == true): Object 'Object Repository/Page_tCC translationNotes/columns_Book' is not checked (Root cause: com.kms.katalon.core.exception.StepFailedException: Object 'Object Repository/Page_tCC translationNotes/columns_Book' is not checked
	at com.kms.katalon.core.webui.keyword.internal.WebUIKeywordMain.stepFailed(WebUIKeywordMain.groovy:64)
	at com.kms.katalon.core.webui.keyword.builtin.VerifyElementCheckedKeyword$_verifyElementChecked_closure1.doCall(VerifyElementCheckedKeyword.groovy:81)
	at com.kms.katalon.core.webui.keyword.builtin.VerifyElementCheckedKeyword$_verifyElementChecked_closure1.call(VerifyElementCheckedKeyword.groovy)
	at com.kms.katalon.core.webui.keyword.internal.WebUIKeywordMain.runKeyword(WebUIKeywordMain.groovy:20)
	at com.kms.katalon.core.webui.keyword.builtin.VerifyElementCheckedKeyword.verifyElementChecked(VerifyElementCheckedKeyword.groovy:92)
	at com.kms.katalon.core.webui.keyword.builtin.VerifyElementCheckedKeyword.execute(VerifyElementCheckedKeyword.groovy:68)
	at com.kms.katalon.core.keyword.internal.KeywordExecutor.executeKeywordForPlatform(KeywordExecutor.groovy:73)
	at com.kms.katalon.core.webui.keyword.WebUiBuiltInKeywords.verifyElementChecked(WebUiBuiltInKeywords.groovy:1378)
	at com.kms.katalon.core.webui.keyword.WebUiBuiltInKeywords$verifyElementChecked$8.call(Unknown Source)
	at tCC tN Test Column Options.run(tCC tN Test Column Options:50)
	at com.kms.katalon.core.main.ScriptEngine.run(ScriptEngine.java:194)
	at com.kms.katalon.core.main.ScriptEngine.runScriptAsRawText(ScriptEngine.java:119)
	at com.kms.katalon.core.main.TestCaseExecutor.runScript(TestCaseExecutor.java:339)
	at com.kms.katalon.core.main.TestCaseExecutor.doExecute(TestCaseExecutor.java:330)
	at com.kms.katalon.core.main.TestCaseExecutor.processExecutionPhase(TestCaseExecutor.java:309)
	at com.kms.katalon.core.main.TestCaseExecutor.accessMainPhase(TestCaseExecutor.java:301)
	at com.kms.katalon.core.main.TestCaseExecutor.execute(TestCaseExecutor.java:235)
	at com.kms.katalon.core.main.TestSuiteExecutor.accessTestCaseMainPhase(TestSuiteExecutor.java:191)
	at com.kms.katalon.core.main.TestSuiteExecutor.accessTestSuiteMainPhase(TestSuiteExecutor.java:141)
	at com.kms.katalon.core.main.TestSuiteExecutor.execute(TestSuiteExecutor.java:90)
	at com.kms.katalon.core.main.TestCaseMain.startTestSuite(TestCaseMain.java:157)
	at com.kms.katalon.core.main.TestCaseMain$startTestSuite$0.call(Unknown Source)
	at TempTestSuite1601332787060.run(TempTestSuite1601332787060.groovy:39)
)

2020-09-28 17:40:54 - [MESSAGE][WARNING] - Object 'Object Repository/Page_tCC translationNotes/columns_Book' is not checked (Root cause: com.kms.katalon.core.exception.StepFailedException: Object 'Object Repository/Page_tCC translationNotes/columns_Book' is not checked
	at com.kms.katalon.core.webui.keyword.internal.WebUIKeywordMain.stepFailed(WebUIKeywordMain.groovy:64)
	at com.kms.katalon.core.webui.keyword.builtin.VerifyElementCheckedKeyword$_verifyElementChecked_closure1.doCall(VerifyElementCheckedKeyword.groovy:81)
	at com.kms.katalon.core.webui.keyword.builtin.VerifyElementCheckedKeyword$_verifyElementChecked_closure1.call(VerifyElementCheckedKeyword.groovy)
	at com.kms.katalon.core.webui.keyword.internal.WebUIKeywordMain.runKeyword(WebUIKeywordMain.groovy:20)
	at com.kms.katalon.core.webui.keyword.builtin.VerifyElementCheckedKeyword.verifyElementChecked(VerifyElementCheckedKeyword.groovy:92)
	at com.kms.katalon.core.webui.keyword.builtin.VerifyElementCheckedKeyword.execute(VerifyElementCheckedKeyword.groovy:68)
	at com.kms.katalon.core.keyword.internal.KeywordExecutor.executeKeywordForPlatform(KeywordExecutor.groovy:73)
	at com.kms.katalon.core.webui.keyword.WebUiBuiltInKeywords.verifyElementChecked(WebUiBuiltInKeywords.groovy:1378)
	at com.kms.katalon.core.webui.keyword.WebUiBuiltInKeywords$verifyElementChecked$8.call(Unknown Source)
	at tCC tN Test Column Options.run(tCC tN Test Column Options:50)
	at com.kms.katalon.core.main.ScriptEngine.run(ScriptEngine.java:194)
	at com.kms.katalon.core.main.ScriptEngine.runScriptAsRawText(ScriptEngine.java:119)
	at com.kms.katalon.core.main.TestCaseExecutor.runScript(TestCaseExecutor.java:339)
	at com.kms.katalon.core.main.TestCaseExecutor.doExecute(TestCaseExecutor.java:330)
	at com.kms.katalon.core.main.TestCaseExecutor.processExecutionPhase(TestCaseExecutor.java:309)
	at com.kms.katalon.core.main.TestCaseExecutor.accessMainPhase(TestCaseExecutor.java:301)
	at com.kms.katalon.core.main.TestCaseExecutor.execute(TestCaseExecutor.java:235)
	at com.kms.katalon.core.main.TestSuiteExecutor.accessTestCaseMainPhase(TestSuiteExecutor.java:191)
	at com.kms.katalon.core.main.TestSuiteExecutor.accessTestSuiteMainPhase(TestSuiteExecutor.java:141)
	at com.kms.katalon.core.main.TestSuiteExecutor.execute(TestSuiteExecutor.java:90)
	at com.kms.katalon.core.main.TestCaseMain.startTestSuite(TestCaseMain.java:157)
	at com.kms.katalon.core.main.TestCaseMain$startTestSuite$0.call(Unknown Source)
	at TempTestSuite1601332787060.run(TempTestSuite1601332787060.groovy:39)
)
[[ATTACHMENT|/Users/cckozie/Katalon Studio/tC Create Project/Reports/20200928_173946/tCC Test Suite 1/20200928_173947/1601332853069.png]]

2020-09-28 17:40:54 - [TEST_STEP][PASSED] - col = page + columns[c]: null

2020-09-28 17:40:54 - [TEST_STEP][PASSED] - if (verifyElementChecked(findTestObject(col), 1, OPTIONAL) == true): Object 'Object Repository/Page_tCC translationNotes/columns_Chapter' is not checked (Root cause: com.kms.katalon.core.exception.StepFailedException: Object 'Object Repository/Page_tCC translationNotes/columns_Chapter' is not checked
	at com.kms.katalon.core.webui.keyword.internal.WebUIKeywordMain.stepFailed(WebUIKeywordMain.groovy:64)
	at com.kms.katalon.core.webui.keyword.builtin.VerifyElementCheckedKeyword$_verifyElementChecked_closure1.doCall(VerifyElementCheckedKeyword.groovy:81)
	at com.kms.katalon.core.webui.keyword.builtin.VerifyElementCheckedKeyword$_verifyElementChecked_closure1.call(VerifyElementCheckedKeyword.groovy)
	at com.kms.katalon.core.webui.keyword.internal.WebUIKeywordMain.runKeyword(WebUIKeywordMain.groovy:20)
	at com.kms.katalon.core.webui.keyword.builtin.VerifyElementCheckedKeyword.verifyElementChecked(VerifyElementCheckedKeyword.groovy:92)
	at com.kms.katalon.core.webui.keyword.builtin.VerifyElementCheckedKeyword.execute(VerifyElementCheckedKeyword.groovy:68)
	at com.kms.katalon.core.keyword.internal.KeywordExecutor.executeKeywordForPlatform(KeywordExecutor.groovy:73)
	at com.kms.katalon.core.webui.keyword.WebUiBuiltInKeywords.verifyElementChecked(WebUiBuiltInKeywords.groovy:1378)
	at com.kms.katalon.core.webui.keyword.WebUiBuiltInKeywords$verifyElementChecked$8.call(Unknown Source)
	at tCC tN Test Column Options.run(tCC tN Test Column Options:50)
	at com.kms.katalon.core.main.ScriptEngine.run(ScriptEngine.java:194)
	at com.kms.katalon.core.main.ScriptEngine.runScriptAsRawText(ScriptEngine.java:119)
	at com.kms.katalon.core.main.TestCaseExecutor.runScript(TestCaseExecutor.java:339)
	at com.kms.katalon.core.main.TestCaseExecutor.doExecute(TestCaseExecutor.java:330)
	at com.kms.katalon.core.main.TestCaseExecutor.processExecutionPhase(TestCaseExecutor.java:309)
	at com.kms.katalon.core.main.TestCaseExecutor.accessMainPhase(TestCaseExecutor.java:301)
	at com.kms.katalon.core.main.TestCaseExecutor.execute(TestCaseExecutor.java:235)
	at com.kms.katalon.core.main.TestSuiteExecutor.accessTestCaseMainPhase(TestSuiteExecutor.java:191)
	at com.kms.katalon.core.main.TestSuiteExecutor.accessTestSuiteMainPhase(TestSuiteExecutor.java:141)
	at com.kms.katalon.core.main.TestSuiteExecutor.execute(TestSuiteExecutor.java:90)
	at com.kms.katalon.core.main.TestCaseMain.startTestSuite(TestCaseMain.java:157)
	at com.kms.katalon.core.main.TestCaseMain$startTestSuite$0.call(Unknown Source)
	at TempTestSuite1601332787060.run(TempTestSuite1601332787060.groovy:39)
)

2020-09-28 17:40:55 - [MESSAGE][WARNING] - Object 'Object Repository/Page_tCC translationNotes/columns_Chapter' is not checked (Root cause: com.kms.katalon.core.exception.StepFailedException: Object 'Object Repository/Page_tCC translationNotes/columns_Chapter' is not checked
	at com.kms.katalon.core.webui.keyword.internal.WebUIKeywordMain.stepFailed(WebUIKeywordMain.groovy:64)
	at com.kms.katalon.core.webui.keyword.builtin.VerifyElementCheckedKeyword$_verifyElementChecked_closure1.doCall(VerifyElementCheckedKeyword.groovy:81)
	at com.kms.katalon.core.webui.keyword.builtin.VerifyElementCheckedKeyword$_verifyElementChecked_closure1.call(VerifyElementCheckedKeyword.groovy)
	at com.kms.katalon.core.webui.keyword.internal.WebUIKeywordMain.runKeyword(WebUIKeywordMain.groovy:20)
	at com.kms.katalon.core.webui.keyword.builtin.VerifyElementCheckedKeyword.verifyElementChecked(VerifyElementCheckedKeyword.groovy:92)
	at com.kms.katalon.core.webui.keyword.builtin.VerifyElementCheckedKeyword.execute(VerifyElementCheckedKeyword.groovy:68)
	at com.kms.katalon.core.keyword.internal.KeywordExecutor.executeKeywordForPlatform(KeywordExecutor.groovy:73)
	at com.kms.katalon.core.webui.keyword.WebUiBuiltInKeywords.verifyElementChecked(WebUiBuiltInKeywords.groovy:1378)
	at com.kms.katalon.core.webui.keyword.WebUiBuiltInKeywords$verifyElementChecked$8.call(Unknown Source)
	at tCC tN Test Column Options.run(tCC tN Test Column Options:50)
	at com.kms.katalon.core.main.ScriptEngine.run(ScriptEngine.java:194)
	at com.kms.katalon.core.main.ScriptEngine.runScriptAsRawText(ScriptEngine.java:119)
	at com.kms.katalon.core.main.TestCaseExecutor.runScript(TestCaseExecutor.java:339)
	at com.kms.katalon.core.main.TestCaseExecutor.doExecute(TestCaseExecutor.java:330)
	at com.kms.katalon.core.main.TestCaseExecutor.processExecutionPhase(TestCaseExecutor.java:309)
	at com.kms.katalon.core.main.TestCaseExecutor.accessMainPhase(TestCaseExecutor.java:301)
	at com.kms.katalon.core.main.TestCaseExecutor.execute(TestCaseExecutor.java:235)
	at com.kms.katalon.core.main.TestSuiteExecutor.accessTestCaseMainPhase(TestSuiteExecutor.java:191)
	at com.kms.katalon.core.main.TestSuiteExecutor.accessTestSuiteMainPhase(TestSuiteExecutor.java:141)
	at com.kms.katalon.core.main.TestSuiteExecutor.execute(TestSuiteExecutor.java:90)
	at com.kms.katalon.core.main.TestCaseMain.startTestSuite(TestCaseMain.java:157)
	at com.kms.katalon.core.main.TestCaseMain$startTestSuite$0.call(Unknown Source)
	at TempTestSuite1601332787060.run(TempTestSuite1601332787060.groovy:39)
)
[[ATTACHMENT|/Users/cckozie/Katalon Studio/tC Create Project/Reports/20200928_173946/tCC Test Suite 1/20200928_173947/1601332854988.png]]

2020-09-28 17:40:55 - [TEST_STEP][PASSED] - col = page + columns[c]: null

2020-09-28 17:40:55 - [TEST_STEP][PASSED] - if (verifyElementChecked(findTestObject(col), 1, OPTIONAL) == true): Object 'Object Repository/Page_tCC translationNotes/columns_Verse' is not checked (Root cause: com.kms.katalon.core.exception.StepFailedException: Object 'Object Repository/Page_tCC translationNotes/columns_Verse' is not checked
	at com.kms.katalon.core.webui.keyword.internal.WebUIKeywordMain.stepFailed(WebUIKeywordMain.groovy:64)
	at com.kms.katalon.core.webui.keyword.builtin.VerifyElementCheckedKeyword$_verifyElementChecked_closure1.doCall(VerifyElementCheckedKeyword.groovy:81)
	at com.kms.katalon.core.webui.keyword.builtin.VerifyElementCheckedKeyword$_verifyElementChecked_closure1.call(VerifyElementCheckedKeyword.groovy)
	at com.kms.katalon.core.webui.keyword.internal.WebUIKeywordMain.runKeyword(WebUIKeywordMain.groovy:20)
	at com.kms.katalon.core.webui.keyword.builtin.VerifyElementCheckedKeyword.verifyElementChecked(VerifyElementCheckedKeyword.groovy:92)
	at com.kms.katalon.core.webui.keyword.builtin.VerifyElementCheckedKeyword.execute(VerifyElementCheckedKeyword.groovy:68)
	at com.kms.katalon.core.keyword.internal.KeywordExecutor.executeKeywordForPlatform(KeywordExecutor.groovy:73)
	at com.kms.katalon.core.webui.keyword.WebUiBuiltInKeywords.verifyElementChecked(WebUiBuiltInKeywords.groovy:1378)
	at com.kms.katalon.core.webui.keyword.WebUiBuiltInKeywords$verifyElementChecked$8.call(Unknown Source)
	at tCC tN Test Column Options.run(tCC tN Test Column Options:50)
	at com.kms.katalon.core.main.ScriptEngine.run(ScriptEngine.java:194)
	at com.kms.katalon.core.main.ScriptEngine.runScriptAsRawText(ScriptEngine.java:119)
	at com.kms.katalon.core.main.TestCaseExecutor.runScript(TestCaseExecutor.java:339)
	at com.kms.katalon.core.main.TestCaseExecutor.doExecute(TestCaseExecutor.java:330)
	at com.kms.katalon.core.main.TestCaseExecutor.processExecutionPhase(TestCaseExecutor.java:309)
	at com.kms.katalon.core.main.TestCaseExecutor.accessMainPhase(TestCaseExecutor.java:301)
	at com.kms.katalon.core.main.TestCaseExecutor.execute(TestCaseExecutor.java:235)
	at com.kms.katalon.core.main.TestSuiteExecutor.accessTestCaseMainPhase(TestSuiteExecutor.java:191)
	at com.kms.katalon.core.main.TestSuiteExecutor.accessTestSuiteMainPhase(TestSuiteExecutor.java:141)
	at com.kms.katalon.core.main.TestSuiteExecutor.execute(TestSuiteExecutor.java:90)
	at com.kms.katalon.core.main.TestCaseMain.startTestSuite(TestCaseMain.java:157)
	at com.kms.katalon.core.main.TestCaseMain$startTestSuite$0.call(Unknown Source)
	at TempTestSuite1601332787060.run(TempTestSuite1601332787060.groovy:39)
)

2020-09-28 17:40:56 - [MESSAGE][WARNING] - Object 'Object Repository/Page_tCC translationNotes/columns_Verse' is not checked (Root cause: com.kms.katalon.core.exception.StepFailedException: Object 'Object Repository/Page_tCC translationNotes/columns_Verse' is not checked
	at com.kms.katalon.core.webui.keyword.internal.WebUIKeywordMain.stepFailed(WebUIKeywordMain.groovy:64)
	at com.kms.katalon.core.webui.keyword.builtin.VerifyElementCheckedKeyword$_verifyElementChecked_closure1.doCall(VerifyElementCheckedKeyword.groovy:81)
	at com.kms.katalon.core.webui.keyword.builtin.VerifyElementCheckedKeyword$_verifyElementChecked_closure1.call(VerifyElementCheckedKeyword.groovy)
	at com.kms.katalon.core.webui.keyword.internal.WebUIKeywordMain.runKeyword(WebUIKeywordMain.groovy:20)
	at com.kms.katalon.core.webui.keyword.builtin.VerifyElementCheckedKeyword.verifyElementChecked(VerifyElementCheckedKeyword.groovy:92)
	at com.kms.katalon.core.webui.keyword.builtin.VerifyElementCheckedKeyword.execute(VerifyElementCheckedKeyword.groovy:68)
	at com.kms.katalon.core.keyword.internal.KeywordExecutor.executeKeywordForPlatform(KeywordExecutor.groovy:73)
	at com.kms.katalon.core.webui.keyword.WebUiBuiltInKeywords.verifyElementChecked(WebUiBuiltInKeywords.groovy:1378)
	at com.kms.katalon.core.webui.keyword.WebUiBuiltInKeywords$verifyElementChecked$8.call(Unknown Source)
	at tCC tN Test Column Options.run(tCC tN Test Column Options:50)
	at com.kms.katalon.core.main.ScriptEngine.run(ScriptEngine.java:194)
	at com.kms.katalon.core.main.ScriptEngine.runScriptAsRawText(ScriptEngine.java:119)
	at com.kms.katalon.core.main.TestCaseExecutor.runScript(TestCaseExecutor.java:339)
	at com.kms.katalon.core.main.TestCaseExecutor.doExecute(TestCaseExecutor.java:330)
	at com.kms.katalon.core.main.TestCaseExecutor.processExecutionPhase(TestCaseExecutor.java:309)
	at com.kms.katalon.core.main.TestCaseExecutor.accessMainPhase(TestCaseExecutor.java:301)
	at com.kms.katalon.core.main.TestCaseExecutor.execute(TestCaseExecutor.java:235)
	at com.kms.katalon.core.main.TestSuiteExecutor.accessTestCaseMainPhase(TestSuiteExecutor.java:191)
	at com.kms.katalon.core.main.TestSuiteExecutor.accessTestSuiteMainPhase(TestSuiteExecutor.java:141)
	at com.kms.katalon.core.main.TestSuiteExecutor.execute(TestSuiteExecutor.java:90)
	at com.kms.katalon.core.main.TestCaseMain.startTestSuite(TestCaseMain.java:157)
	at com.kms.katalon.core.main.TestCaseMain$startTestSuite$0.call(Unknown Source)
	at TempTestSuite1601332787060.run(TempTestSuite1601332787060.groovy:39)
)
[[ATTACHMENT|/Users/cckozie/Katalon Studio/tC Create Project/Reports/20200928_173946/tCC Test Suite 1/20200928_173947/1601332856061.png]]

2020-09-28 17:40:56 - [TEST_STEP][PASSED] - col = page + columns[c]: null

2020-09-28 17:40:56 - [TEST_STEP][PASSED] - if (verifyElementChecked(findTestObject(col), 1, OPTIONAL) == true): Object 'Object Repository/Page_tCC translationNotes/columns_ID' is not checked (Root cause: com.kms.katalon.core.exception.StepFailedException: Object 'Object Repository/Page_tCC translationNotes/columns_ID' is not checked
	at com.kms.katalon.core.webui.keyword.internal.WebUIKeywordMain.stepFailed(WebUIKeywordMain.groovy:64)
	at com.kms.katalon.core.webui.keyword.builtin.VerifyElementCheckedKeyword$_verifyElementChecked_closure1.doCall(VerifyElementCheckedKeyword.groovy:81)
	at com.kms.katalon.core.webui.keyword.builtin.VerifyElementCheckedKeyword$_verifyElementChecked_closure1.call(VerifyElementCheckedKeyword.groovy)
	at com.kms.katalon.core.webui.keyword.internal.WebUIKeywordMain.runKeyword(WebUIKeywordMain.groovy:20)
	at com.kms.katalon.core.webui.keyword.builtin.VerifyElementCheckedKeyword.verifyElementChecked(VerifyElementCheckedKeyword.groovy:92)
	at com.kms.katalon.core.webui.keyword.builtin.VerifyElementCheckedKeyword.execute(VerifyElementCheckedKeyword.groovy:68)
	at com.kms.katalon.core.keyword.internal.KeywordExecutor.executeKeywordForPlatform(KeywordExecutor.groovy:73)
	at com.kms.katalon.core.webui.keyword.WebUiBuiltInKeywords.verifyElementChecked(WebUiBuiltInKeywords.groovy:1378)
	at com.kms.katalon.core.webui.keyword.WebUiBuiltInKeywords$verifyElementChecked$8.call(Unknown Source)
	at tCC tN Test Column Options.run(tCC tN Test Column Options:50)
	at com.kms.katalon.core.main.ScriptEngine.run(ScriptEngine.java:194)
	at com.kms.katalon.core.main.ScriptEngine.runScriptAsRawText(ScriptEngine.java:119)
	at com.kms.katalon.core.main.TestCaseExecutor.runScript(TestCaseExecutor.java:339)
	at com.kms.katalon.core.main.TestCaseExecutor.doExecute(TestCaseExecutor.java:330)
	at com.kms.katalon.core.main.TestCaseExecutor.processExecutionPhase(TestCaseExecutor.java:309)
	at com.kms.katalon.core.main.TestCaseExecutor.accessMainPhase(TestCaseExecutor.java:301)
	at com.kms.katalon.core.main.TestCaseExecutor.execute(TestCaseExecutor.java:235)
	at com.kms.katalon.core.main.TestSuiteExecutor.accessTestCaseMainPhase(TestSuiteExecutor.java:191)
	at com.kms.katalon.core.main.TestSuiteExecutor.accessTestSuiteMainPhase(TestSuiteExecutor.java:141)
	at com.kms.katalon.core.main.TestSuiteExecutor.execute(TestSuiteExecutor.java:90)
	at com.kms.katalon.core.main.TestCaseMain.startTestSuite(TestCaseMain.java:157)
	at com.kms.katalon.core.main.TestCaseMain$startTestSuite$0.call(Unknown Source)
	at TempTestSuite1601332787060.run(TempTestSuite1601332787060.groovy:39)
)

2020-09-28 17:40:57 - [MESSAGE][WARNING] - Object 'Object Repository/Page_tCC translationNotes/columns_ID' is not checked (Root cause: com.kms.katalon.core.exception.StepFailedException: Object 'Object Repository/Page_tCC translationNotes/columns_ID' is not checked
	at com.kms.katalon.core.webui.keyword.internal.WebUIKeywordMain.stepFailed(WebUIKeywordMain.groovy:64)
	at com.kms.katalon.core.webui.keyword.builtin.VerifyElementCheckedKeyword$_verifyElementChecked_closure1.doCall(VerifyElementCheckedKeyword.groovy:81)
	at com.kms.katalon.core.webui.keyword.builtin.VerifyElementCheckedKeyword$_verifyElementChecked_closure1.call(VerifyElementCheckedKeyword.groovy)
	at com.kms.katalon.core.webui.keyword.internal.WebUIKeywordMain.runKeyword(WebUIKeywordMain.groovy:20)
	at com.kms.katalon.core.webui.keyword.builtin.VerifyElementCheckedKeyword.verifyElementChecked(VerifyElementCheckedKeyword.groovy:92)
	at com.kms.katalon.core.webui.keyword.builtin.VerifyElementCheckedKeyword.execute(VerifyElementCheckedKeyword.groovy:68)
	at com.kms.katalon.core.keyword.internal.KeywordExecutor.executeKeywordForPlatform(KeywordExecutor.groovy:73)
	at com.kms.katalon.core.webui.keyword.WebUiBuiltInKeywords.verifyElementChecked(WebUiBuiltInKeywords.groovy:1378)
	at com.kms.katalon.core.webui.keyword.WebUiBuiltInKeywords$verifyElementChecked$8.call(Unknown Source)
	at tCC tN Test Column Options.run(tCC tN Test Column Options:50)
	at com.kms.katalon.core.main.ScriptEngine.run(ScriptEngine.java:194)
	at com.kms.katalon.core.main.ScriptEngine.runScriptAsRawText(ScriptEngine.java:119)
	at com.kms.katalon.core.main.TestCaseExecutor.runScript(TestCaseExecutor.java:339)
	at com.kms.katalon.core.main.TestCaseExecutor.doExecute(TestCaseExecutor.java:330)
	at com.kms.katalon.core.main.TestCaseExecutor.processExecutionPhase(TestCaseExecutor.java:309)
	at com.kms.katalon.core.main.TestCaseExecutor.accessMainPhase(TestCaseExecutor.java:301)
	at com.kms.katalon.core.main.TestCaseExecutor.execute(TestCaseExecutor.java:235)
	at com.kms.katalon.core.main.TestSuiteExecutor.accessTestCaseMainPhase(TestSuiteExecutor.java:191)
	at com.kms.katalon.core.main.TestSuiteExecutor.accessTestSuiteMainPhase(TestSuiteExecutor.java:141)
	at com.kms.katalon.core.main.TestSuiteExecutor.execute(TestSuiteExecutor.java:90)
	at com.kms.katalon.core.main.TestCaseMain.startTestSuite(TestCaseMain.java:157)
	at com.kms.katalon.core.main.TestCaseMain$startTestSuite$0.call(Unknown Source)
	at TempTestSuite1601332787060.run(TempTestSuite1601332787060.groovy:39)
)
[[ATTACHMENT|/Users/cckozie/Katalon Studio/tC Create Project/Reports/20200928_173946/tCC Test Suite 1/20200928_173947/1601332857150.png]]

2020-09-28 17:40:57 - [TEST_STEP][PASSED] - col = page + columns[c]: null

2020-09-28 17:40:57 - [TEST_STEP][PASSED] - if (verifyElementChecked(findTestObject(col), 1, OPTIONAL) == true): null

2020-09-28 17:40:58 - [MESSAGE][PASSED] - Object 'Object Repository/Page_tCC translationNotes/columns_SupportReference' is checked

2020-09-28 17:40:58 - [TEST_STEP][PASSED] - click(findTestObject(col)): Object: 'Object Repository/Page_tCC translationNotes/columns_SupportReference' is clicked on

2020-09-28 17:40:58 - [MESSAGE][PASSED] - Object: 'Object Repository/Page_tCC translationNotes/columns_SupportReference' is clicked on

2020-09-28 17:40:58 - [TEST_STEP][PASSED] - verifyElementNotChecked(findTestObject(col), 1, CONTINUE_ON_FAILURE): Object 'Object Repository/Page_tCC translationNotes/columns_SupportReference' is not checked

2020-09-28 17:40:59 - [MESSAGE][PASSED] - Object 'Object Repository/Page_tCC translationNotes/columns_SupportReference' is not checked

2020-09-28 17:40:59 - [TEST_STEP][PASSED] - col = page + columns[c]: null

2020-09-28 17:40:59 - [TEST_STEP][PASSED] - if (verifyElementChecked(findTestObject(col), 1, OPTIONAL) == true): Object 'Object Repository/Page_tCC translationNotes/columns_OrigQuote' is not checked (Root cause: com.kms.katalon.core.exception.StepFailedException: Object 'Object Repository/Page_tCC translationNotes/columns_OrigQuote' is not checked
	at com.kms.katalon.core.webui.keyword.internal.WebUIKeywordMain.stepFailed(WebUIKeywordMain.groovy:64)
	at com.kms.katalon.core.webui.keyword.builtin.VerifyElementCheckedKeyword$_verifyElementChecked_closure1.doCall(VerifyElementCheckedKeyword.groovy:81)
	at com.kms.katalon.core.webui.keyword.builtin.VerifyElementCheckedKeyword$_verifyElementChecked_closure1.call(VerifyElementCheckedKeyword.groovy)
	at com.kms.katalon.core.webui.keyword.internal.WebUIKeywordMain.runKeyword(WebUIKeywordMain.groovy:20)
	at com.kms.katalon.core.webui.keyword.builtin.VerifyElementCheckedKeyword.verifyElementChecked(VerifyElementCheckedKeyword.groovy:92)
	at com.kms.katalon.core.webui.keyword.builtin.VerifyElementCheckedKeyword.execute(VerifyElementCheckedKeyword.groovy:68)
	at com.kms.katalon.core.keyword.internal.KeywordExecutor.executeKeywordForPlatform(KeywordExecutor.groovy:73)
	at com.kms.katalon.core.webui.keyword.WebUiBuiltInKeywords.verifyElementChecked(WebUiBuiltInKeywords.groovy:1378)
	at com.kms.katalon.core.webui.keyword.WebUiBuiltInKeywords$verifyElementChecked$8.call(Unknown Source)
	at tCC tN Test Column Options.run(tCC tN Test Column Options:50)
	at com.kms.katalon.core.main.ScriptEngine.run(ScriptEngine.java:194)
	at com.kms.katalon.core.main.ScriptEngine.runScriptAsRawText(ScriptEngine.java:119)
	at com.kms.katalon.core.main.TestCaseExecutor.runScript(TestCaseExecutor.java:339)
	at com.kms.katalon.core.main.TestCaseExecutor.doExecute(TestCaseExecutor.java:330)
	at com.kms.katalon.core.main.TestCaseExecutor.processExecutionPhase(TestCaseExecutor.java:309)
	at com.kms.katalon.core.main.TestCaseExecutor.accessMainPhase(TestCaseExecutor.java:301)
	at com.kms.katalon.core.main.TestCaseExecutor.execute(TestCaseExecutor.java:235)
	at com.kms.katalon.core.main.TestSuiteExecutor.accessTestCaseMainPhase(TestSuiteExecutor.java:191)
	at com.kms.katalon.core.main.TestSuiteExecutor.accessTestSuiteMainPhase(TestSuiteExecutor.java:141)
	at com.kms.katalon.core.main.TestSuiteExecutor.execute(TestSuiteExecutor.java:90)
	at com.kms.katalon.core.main.TestCaseMain.startTestSuite(TestCaseMain.java:157)
	at com.kms.katalon.core.main.TestCaseMain$startTestSuite$0.call(Unknown Source)
	at TempTestSuite1601332787060.run(TempTestSuite1601332787060.groovy:39)
)

2020-09-28 17:41:00 - [MESSAGE][WARNING] - Object 'Object Repository/Page_tCC translationNotes/columns_OrigQuote' is not checked (Root cause: com.kms.katalon.core.exception.StepFailedException: Object 'Object Repository/Page_tCC translationNotes/columns_OrigQuote' is not checked
	at com.kms.katalon.core.webui.keyword.internal.WebUIKeywordMain.stepFailed(WebUIKeywordMain.groovy:64)
	at com.kms.katalon.core.webui.keyword.builtin.VerifyElementCheckedKeyword$_verifyElementChecked_closure1.doCall(VerifyElementCheckedKeyword.groovy:81)
	at com.kms.katalon.core.webui.keyword.builtin.VerifyElementCheckedKeyword$_verifyElementChecked_closure1.call(VerifyElementCheckedKeyword.groovy)
	at com.kms.katalon.core.webui.keyword.internal.WebUIKeywordMain.runKeyword(WebUIKeywordMain.groovy:20)
	at com.kms.katalon.core.webui.keyword.builtin.VerifyElementCheckedKeyword.verifyElementChecked(VerifyElementCheckedKeyword.groovy:92)
	at com.kms.katalon.core.webui.keyword.builtin.VerifyElementCheckedKeyword.execute(VerifyElementCheckedKeyword.groovy:68)
	at com.kms.katalon.core.keyword.internal.KeywordExecutor.executeKeywordForPlatform(KeywordExecutor.groovy:73)
	at com.kms.katalon.core.webui.keyword.WebUiBuiltInKeywords.verifyElementChecked(WebUiBuiltInKeywords.groovy:1378)
	at com.kms.katalon.core.webui.keyword.WebUiBuiltInKeywords$verifyElementChecked$8.call(Unknown Source)
	at tCC tN Test Column Options.run(tCC tN Test Column Options:50)
	at com.kms.katalon.core.main.ScriptEngine.run(ScriptEngine.java:194)
	at com.kms.katalon.core.main.ScriptEngine.runScriptAsRawText(ScriptEngine.java:119)
	at com.kms.katalon.core.main.TestCaseExecutor.runScript(TestCaseExecutor.java:339)
	at com.kms.katalon.core.main.TestCaseExecutor.doExecute(TestCaseExecutor.java:330)
	at com.kms.katalon.core.main.TestCaseExecutor.processExecutionPhase(TestCaseExecutor.java:309)
	at com.kms.katalon.core.main.TestCaseExecutor.accessMainPhase(TestCaseExecutor.java:301)
	at com.kms.katalon.core.main.TestCaseExecutor.execute(TestCaseExecutor.java:235)
	at com.kms.katalon.core.main.TestSuiteExecutor.accessTestCaseMainPhase(TestSuiteExecutor.java:191)
	at com.kms.katalon.core.main.TestSuiteExecutor.accessTestSuiteMainPhase(TestSuiteExecutor.java:141)
	at com.kms.katalon.core.main.TestSuiteExecutor.execute(TestSuiteExecutor.java:90)
	at com.kms.katalon.core.main.TestCaseMain.startTestSuite(TestCaseMain.java:157)
	at com.kms.katalon.core.main.TestCaseMain$startTestSuite$0.call(Unknown Source)
	at TempTestSuite1601332787060.run(TempTestSuite1601332787060.groovy:39)
)
[[ATTACHMENT|/Users/cckozie/Katalon Studio/tC Create Project/Reports/20200928_173946/tCC Test Suite 1/20200928_173947/1601332860006.png]]

2020-09-28 17:41:00 - [TEST_STEP][PASSED] - col = page + columns[c]: null

2020-09-28 17:41:00 - [TEST_STEP][PASSED] - if (verifyElementChecked(findTestObject(col), 1, OPTIONAL) == true): Object 'Object Repository/Page_tCC translationNotes/columns_Occurrence' is not checked (Root cause: com.kms.katalon.core.exception.StepFailedException: Object 'Object Repository/Page_tCC translationNotes/columns_Occurrence' is not checked
	at com.kms.katalon.core.webui.keyword.internal.WebUIKeywordMain.stepFailed(WebUIKeywordMain.groovy:64)
	at com.kms.katalon.core.webui.keyword.builtin.VerifyElementCheckedKeyword$_verifyElementChecked_closure1.doCall(VerifyElementCheckedKeyword.groovy:81)
	at com.kms.katalon.core.webui.keyword.builtin.VerifyElementCheckedKeyword$_verifyElementChecked_closure1.call(VerifyElementCheckedKeyword.groovy)
	at com.kms.katalon.core.webui.keyword.internal.WebUIKeywordMain.runKeyword(WebUIKeywordMain.groovy:20)
	at com.kms.katalon.core.webui.keyword.builtin.VerifyElementCheckedKeyword.verifyElementChecked(VerifyElementCheckedKeyword.groovy:92)
	at com.kms.katalon.core.webui.keyword.builtin.VerifyElementCheckedKeyword.execute(VerifyElementCheckedKeyword.groovy:68)
	at com.kms.katalon.core.keyword.internal.KeywordExecutor.executeKeywordForPlatform(KeywordExecutor.groovy:73)
	at com.kms.katalon.core.webui.keyword.WebUiBuiltInKeywords.verifyElementChecked(WebUiBuiltInKeywords.groovy:1378)
	at com.kms.katalon.core.webui.keyword.WebUiBuiltInKeywords$verifyElementChecked$8.call(Unknown Source)
	at tCC tN Test Column Options.run(tCC tN Test Column Options:50)
	at com.kms.katalon.core.main.ScriptEngine.run(ScriptEngine.java:194)
	at com.kms.katalon.core.main.ScriptEngine.runScriptAsRawText(ScriptEngine.java:119)
	at com.kms.katalon.core.main.TestCaseExecutor.runScript(TestCaseExecutor.java:339)
	at com.kms.katalon.core.main.TestCaseExecutor.doExecute(TestCaseExecutor.java:330)
	at com.kms.katalon.core.main.TestCaseExecutor.processExecutionPhase(TestCaseExecutor.java:309)
	at com.kms.katalon.core.main.TestCaseExecutor.accessMainPhase(TestCaseExecutor.java:301)
	at com.kms.katalon.core.main.TestCaseExecutor.execute(TestCaseExecutor.java:235)
	at com.kms.katalon.core.main.TestSuiteExecutor.accessTestCaseMainPhase(TestSuiteExecutor.java:191)
	at com.kms.katalon.core.main.TestSuiteExecutor.accessTestSuiteMainPhase(TestSuiteExecutor.java:141)
	at com.kms.katalon.core.main.TestSuiteExecutor.execute(TestSuiteExecutor.java:90)
	at com.kms.katalon.core.main.TestCaseMain.startTestSuite(TestCaseMain.java:157)
	at com.kms.katalon.core.main.TestCaseMain$startTestSuite$0.call(Unknown Source)
	at TempTestSuite1601332787060.run(TempTestSuite1601332787060.groovy:39)
)

2020-09-28 17:41:01 - [MESSAGE][WARNING] - Object 'Object Repository/Page_tCC translationNotes/columns_Occurrence' is not checked (Root cause: com.kms.katalon.core.exception.StepFailedException: Object 'Object Repository/Page_tCC translationNotes/columns_Occurrence' is not checked
	at com.kms.katalon.core.webui.keyword.internal.WebUIKeywordMain.stepFailed(WebUIKeywordMain.groovy:64)
	at com.kms.katalon.core.webui.keyword.builtin.VerifyElementCheckedKeyword$_verifyElementChecked_closure1.doCall(VerifyElementCheckedKeyword.groovy:81)
	at com.kms.katalon.core.webui.keyword.builtin.VerifyElementCheckedKeyword$_verifyElementChecked_closure1.call(VerifyElementCheckedKeyword.groovy)
	at com.kms.katalon.core.webui.keyword.internal.WebUIKeywordMain.runKeyword(WebUIKeywordMain.groovy:20)
	at com.kms.katalon.core.webui.keyword.builtin.VerifyElementCheckedKeyword.verifyElementChecked(VerifyElementCheckedKeyword.groovy:92)
	at com.kms.katalon.core.webui.keyword.builtin.VerifyElementCheckedKeyword.execute(VerifyElementCheckedKeyword.groovy:68)
	at com.kms.katalon.core.keyword.internal.KeywordExecutor.executeKeywordForPlatform(KeywordExecutor.groovy:73)
	at com.kms.katalon.core.webui.keyword.WebUiBuiltInKeywords.verifyElementChecked(WebUiBuiltInKeywords.groovy:1378)
	at com.kms.katalon.core.webui.keyword.WebUiBuiltInKeywords$verifyElementChecked$8.call(Unknown Source)
	at tCC tN Test Column Options.run(tCC tN Test Column Options:50)
	at com.kms.katalon.core.main.ScriptEngine.run(ScriptEngine.java:194)
	at com.kms.katalon.core.main.ScriptEngine.runScriptAsRawText(ScriptEngine.java:119)
	at com.kms.katalon.core.main.TestCaseExecutor.runScript(TestCaseExecutor.java:339)
	at com.kms.katalon.core.main.TestCaseExecutor.doExecute(TestCaseExecutor.java:330)
	at com.kms.katalon.core.main.TestCaseExecutor.processExecutionPhase(TestCaseExecutor.java:309)
	at com.kms.katalon.core.main.TestCaseExecutor.accessMainPhase(TestCaseExecutor.java:301)
	at com.kms.katalon.core.main.TestCaseExecutor.execute(TestCaseExecutor.java:235)
	at com.kms.katalon.core.main.TestSuiteExecutor.accessTestCaseMainPhase(TestSuiteExecutor.java:191)
	at com.kms.katalon.core.main.TestSuiteExecutor.accessTestSuiteMainPhase(TestSuiteExecutor.java:141)
	at com.kms.katalon.core.main.TestSuiteExecutor.execute(TestSuiteExecutor.java:90)
	at com.kms.katalon.core.main.TestCaseMain.startTestSuite(TestCaseMain.java:157)
	at com.kms.katalon.core.main.TestCaseMain$startTestSuite$0.call(Unknown Source)
	at TempTestSuite1601332787060.run(TempTestSuite1601332787060.groovy:39)
)
[[ATTACHMENT|/Users/cckozie/Katalon Studio/tC Create Project/Reports/20200928_173946/tCC Test Suite 1/20200928_173947/1601332861101.png]]

2020-09-28 17:41:01 - [TEST_STEP][PASSED] - col = page + columns[c]: null

2020-09-28 17:41:01 - [TEST_STEP][PASSED] - if (verifyElementChecked(findTestObject(col), 1, OPTIONAL) == true): Object 'Object Repository/Page_tCC translationNotes/columns_GLQuote' is not checked (Root cause: com.kms.katalon.core.exception.StepFailedException: Object 'Object Repository/Page_tCC translationNotes/columns_GLQuote' is not checked
	at com.kms.katalon.core.webui.keyword.internal.WebUIKeywordMain.stepFailed(WebUIKeywordMain.groovy:64)
	at com.kms.katalon.core.webui.keyword.builtin.VerifyElementCheckedKeyword$_verifyElementChecked_closure1.doCall(VerifyElementCheckedKeyword.groovy:81)
	at com.kms.katalon.core.webui.keyword.builtin.VerifyElementCheckedKeyword$_verifyElementChecked_closure1.call(VerifyElementCheckedKeyword.groovy)
	at com.kms.katalon.core.webui.keyword.internal.WebUIKeywordMain.runKeyword(WebUIKeywordMain.groovy:20)
	at com.kms.katalon.core.webui.keyword.builtin.VerifyElementCheckedKeyword.verifyElementChecked(VerifyElementCheckedKeyword.groovy:92)
	at com.kms.katalon.core.webui.keyword.builtin.VerifyElementCheckedKeyword.execute(VerifyElementCheckedKeyword.groovy:68)
	at com.kms.katalon.core.keyword.internal.KeywordExecutor.executeKeywordForPlatform(KeywordExecutor.groovy:73)
	at com.kms.katalon.core.webui.keyword.WebUiBuiltInKeywords.verifyElementChecked(WebUiBuiltInKeywords.groovy:1378)
	at com.kms.katalon.core.webui.keyword.WebUiBuiltInKeywords$verifyElementChecked$8.call(Unknown Source)
	at tCC tN Test Column Options.run(tCC tN Test Column Options:50)
	at com.kms.katalon.core.main.ScriptEngine.run(ScriptEngine.java:194)
	at com.kms.katalon.core.main.ScriptEngine.runScriptAsRawText(ScriptEngine.java:119)
	at com.kms.katalon.core.main.TestCaseExecutor.runScript(TestCaseExecutor.java:339)
	at com.kms.katalon.core.main.TestCaseExecutor.doExecute(TestCaseExecutor.java:330)
	at com.kms.katalon.core.main.TestCaseExecutor.processExecutionPhase(TestCaseExecutor.java:309)
	at com.kms.katalon.core.main.TestCaseExecutor.accessMainPhase(TestCaseExecutor.java:301)
	at com.kms.katalon.core.main.TestCaseExecutor.execute(TestCaseExecutor.java:235)
	at com.kms.katalon.core.main.TestSuiteExecutor.accessTestCaseMainPhase(TestSuiteExecutor.java:191)
	at com.kms.katalon.core.main.TestSuiteExecutor.accessTestSuiteMainPhase(TestSuiteExecutor.java:141)
	at com.kms.katalon.core.main.TestSuiteExecutor.execute(TestSuiteExecutor.java:90)
	at com.kms.katalon.core.main.TestCaseMain.startTestSuite(TestCaseMain.java:157)
	at com.kms.katalon.core.main.TestCaseMain$startTestSuite$0.call(Unknown Source)
	at TempTestSuite1601332787060.run(TempTestSuite1601332787060.groovy:39)
)

2020-09-28 17:41:02 - [MESSAGE][WARNING] - Object 'Object Repository/Page_tCC translationNotes/columns_GLQuote' is not checked (Root cause: com.kms.katalon.core.exception.StepFailedException: Object 'Object Repository/Page_tCC translationNotes/columns_GLQuote' is not checked
	at com.kms.katalon.core.webui.keyword.internal.WebUIKeywordMain.stepFailed(WebUIKeywordMain.groovy:64)
	at com.kms.katalon.core.webui.keyword.builtin.VerifyElementCheckedKeyword$_verifyElementChecked_closure1.doCall(VerifyElementCheckedKeyword.groovy:81)
	at com.kms.katalon.core.webui.keyword.builtin.VerifyElementCheckedKeyword$_verifyElementChecked_closure1.call(VerifyElementCheckedKeyword.groovy)
	at com.kms.katalon.core.webui.keyword.internal.WebUIKeywordMain.runKeyword(WebUIKeywordMain.groovy:20)
	at com.kms.katalon.core.webui.keyword.builtin.VerifyElementCheckedKeyword.verifyElementChecked(VerifyElementCheckedKeyword.groovy:92)
	at com.kms.katalon.core.webui.keyword.builtin.VerifyElementCheckedKeyword.execute(VerifyElementCheckedKeyword.groovy:68)
	at com.kms.katalon.core.keyword.internal.KeywordExecutor.executeKeywordForPlatform(KeywordExecutor.groovy:73)
	at com.kms.katalon.core.webui.keyword.WebUiBuiltInKeywords.verifyElementChecked(WebUiBuiltInKeywords.groovy:1378)
	at com.kms.katalon.core.webui.keyword.WebUiBuiltInKeywords$verifyElementChecked$8.call(Unknown Source)
	at tCC tN Test Column Options.run(tCC tN Test Column Options:50)
	at com.kms.katalon.core.main.ScriptEngine.run(ScriptEngine.java:194)
	at com.kms.katalon.core.main.ScriptEngine.runScriptAsRawText(ScriptEngine.java:119)
	at com.kms.katalon.core.main.TestCaseExecutor.runScript(TestCaseExecutor.java:339)
	at com.kms.katalon.core.main.TestCaseExecutor.doExecute(TestCaseExecutor.java:330)
	at com.kms.katalon.core.main.TestCaseExecutor.processExecutionPhase(TestCaseExecutor.java:309)
	at com.kms.katalon.core.main.TestCaseExecutor.accessMainPhase(TestCaseExecutor.java:301)
	at com.kms.katalon.core.main.TestCaseExecutor.execute(TestCaseExecutor.java:235)
	at com.kms.katalon.core.main.TestSuiteExecutor.accessTestCaseMainPhase(TestSuiteExecutor.java:191)
	at com.kms.katalon.core.main.TestSuiteExecutor.accessTestSuiteMainPhase(TestSuiteExecutor.java:141)
	at com.kms.katalon.core.main.TestSuiteExecutor.execute(TestSuiteExecutor.java:90)
	at com.kms.katalon.core.main.TestCaseMain.startTestSuite(TestCaseMain.java:157)
	at com.kms.katalon.core.main.TestCaseMain$startTestSuite$0.call(Unknown Source)
	at TempTestSuite1601332787060.run(TempTestSuite1601332787060.groovy:39)
)
[[ATTACHMENT|/Users/cckozie/Katalon Studio/tC Create Project/Reports/20200928_173946/tCC Test Suite 1/20200928_173947/1601332862132.png]]

2020-09-28 17:41:02 - [TEST_STEP][PASSED] - col = page + columns[c]: null

2020-09-28 17:41:02 - [TEST_STEP][PASSED] - if (verifyElementChecked(findTestObject(col), 1, OPTIONAL) == true): null

2020-09-28 17:41:03 - [MESSAGE][PASSED] - Object 'Object Repository/Page_tCC translationNotes/columns_OccurrenceNote' is checked

2020-09-28 17:41:03 - [TEST_STEP][PASSED] - click(findTestObject(col)): Object: 'Object Repository/Page_tCC translationNotes/columns_OccurrenceNote' is clicked on

2020-09-28 17:41:04 - [MESSAGE][PASSED] - Object: 'Object Repository/Page_tCC translationNotes/columns_OccurrenceNote' is clicked on

2020-09-28 17:41:04 - [TEST_STEP][PASSED] - verifyElementNotChecked(findTestObject(col), 1, CONTINUE_ON_FAILURE): Object 'Object Repository/Page_tCC translationNotes/columns_OccurrenceNote' is not checked

2020-09-28 17:41:04 - [MESSAGE][PASSED] - Object 'Object Repository/Page_tCC translationNotes/columns_OccurrenceNote' is not checked

2020-09-28 17:41:04 - [TEST_STEP][PASSED] - for (def c : (0..(columns.size() - 1))): Web element with id: 'Object Repository/Page_tCC translationNotes/text_OccurrenceNote_Who wrote the Book of Titus' located by 'By.xpath: //h3[@id='whowrotethebookoftitus']' is not present after '1' second(s)

2020-09-28 17:41:04 - [TEST_STEP][PASSED] - col = page + columns[c]: null

2020-09-28 17:41:04 - [TEST_STEP][PASSED] - click(findTestObject(col)): Object: 'Object Repository/Page_tCC translationNotes/columns_RowHeader' is clicked on

2020-09-28 17:41:09 - [MESSAGE][PASSED] - Object: 'Object Repository/Page_tCC translationNotes/columns_RowHeader' is clicked on

2020-09-28 17:41:09 - [TEST_STEP][PASSED] - verifyElementChecked(findTestObject(col), 1, CONTINUE_ON_FAILURE): Object 'Object Repository/Page_tCC translationNotes/columns_RowHeader' is checked

2020-09-28 17:41:09 - [MESSAGE][PASSED] - Object 'Object Repository/Page_tCC translationNotes/columns_RowHeader' is checked

2020-09-28 17:41:09 - [TEST_STEP][PASSED] - println("Testing for " + col + " elements visible."): null

2020-09-28 17:41:09 - [TEST_STEP][PASSED] - logInfo("Testing for " + col + " elements visible."): Testing for Page_tCC translationNotes/columns_RowHeader elements visible.

2020-09-28 17:41:09 - [MESSAGE][INFO] - Testing for Page_tCC translationNotes/columns_RowHeader elements visible.

2020-09-28 17:41:09 - [TEST_STEP][PASSED] - for (def e : (0..(elements[c].size() - 1))): Object 'Object Repository/Page_tCC translationNotes/text_RowHeader_Titus 11' is visible

2020-09-28 17:41:09 - [TEST_STEP][PASSED] - ele = page + elements[c][e]: null

2020-09-28 17:41:09 - [TEST_STEP][PASSED] - println("looking for " + ele): null

2020-09-28 17:41:09 - [TEST_STEP][PASSED] - logInfo("looking for " + ele): looking for Page_tCC translationNotes/text_RowHeader_TIT frontintro

2020-09-28 17:41:09 - [MESSAGE][INFO] - looking for Page_tCC translationNotes/text_RowHeader_TIT frontintro

2020-09-28 17:41:09 - [TEST_STEP][PASSED] - verifyElementVisible(findTestObject(ele), CONTINUE_ON_FAILURE): Object 'Object Repository/Page_tCC translationNotes/text_RowHeader_TIT frontintro' is visible

2020-09-28 17:41:10 - [MESSAGE][PASSED] - Object 'Object Repository/Page_tCC translationNotes/text_RowHeader_TIT frontintro' is visible

2020-09-28 17:41:10 - [TEST_STEP][PASSED] - ele = page + elements[c][e]: null

2020-09-28 17:41:10 - [TEST_STEP][PASSED] - println("looking for " + ele): null

2020-09-28 17:41:10 - [TEST_STEP][PASSED] - logInfo("looking for " + ele): looking for Page_tCC translationNotes/text_RowHeader_TIT 1intro

2020-09-28 17:41:10 - [MESSAGE][INFO] - looking for Page_tCC translationNotes/text_RowHeader_TIT 1intro

2020-09-28 17:41:10 - [TEST_STEP][PASSED] - verifyElementVisible(findTestObject(ele), CONTINUE_ON_FAILURE): Object 'Object Repository/Page_tCC translationNotes/text_RowHeader_TIT 1intro' is visible

2020-09-28 17:41:10 - [MESSAGE][PASSED] - Object 'Object Repository/Page_tCC translationNotes/text_RowHeader_TIT 1intro' is visible

2020-09-28 17:41:10 - [TEST_STEP][PASSED] - ele = page + elements[c][e]: null

2020-09-28 17:41:10 - [TEST_STEP][PASSED] - println("looking for " + ele): null

2020-09-28 17:41:10 - [TEST_STEP][PASSED] - logInfo("looking for " + ele): looking for Page_tCC translationNotes/text_RowHeader_Titus 11

2020-09-28 17:41:10 - [MESSAGE][INFO] - looking for Page_tCC translationNotes/text_RowHeader_Titus 11

2020-09-28 17:41:10 - [TEST_STEP][PASSED] - verifyElementVisible(findTestObject(ele), CONTINUE_ON_FAILURE): Object 'Object Repository/Page_tCC translationNotes/text_RowHeader_Titus 11' is visible

2020-09-28 17:41:11 - [MESSAGE][PASSED] - Object 'Object Repository/Page_tCC translationNotes/text_RowHeader_Titus 11' is visible

2020-09-28 17:41:11 - [TEST_STEP][PASSED] - println("Clicking " + col + " OFF, then Testing for elements not visible."): null

2020-09-28 17:41:11 - [TEST_STEP][PASSED] - logInfo("Clicking " + col + " OFF, then Testing for elements not visible."): Clicking Page_tCC translationNotes/columns_RowHeader OFF, then Testing for elements not visible.

2020-09-28 17:41:11 - [MESSAGE][INFO] - Clicking Page_tCC translationNotes/columns_RowHeader OFF, then Testing for elements not visible.

2020-09-28 17:41:11 - [TEST_STEP][PASSED] - click(findTestObject(col)): Object: 'Object Repository/Page_tCC translationNotes/columns_RowHeader' is clicked on

2020-09-28 17:41:11 - [MESSAGE][PASSED] - Object: 'Object Repository/Page_tCC translationNotes/columns_RowHeader' is clicked on

2020-09-28 17:41:11 - [TEST_STEP][PASSED] - verifyElementNotChecked(findTestObject(col), 1, CONTINUE_ON_FAILURE): Object 'Object Repository/Page_tCC translationNotes/columns_RowHeader' is not checked

2020-09-28 17:41:12 - [MESSAGE][PASSED] - Object 'Object Repository/Page_tCC translationNotes/columns_RowHeader' is not checked

2020-09-28 17:41:12 - [TEST_STEP][PASSED] - for (def e : (0..(elements[c].size() - 1))): Web element with id: 'Object Repository/Page_tCC translationNotes/text_RowHeader_Titus 11' located by 'By.xpath: //div[@id='header-1-1-rtc9']/div/div/div' is not present after '1' second(s)

2020-09-28 17:41:12 - [TEST_STEP][PASSED] - ele = page + elements[c][e]: null

2020-09-28 17:41:12 - [TEST_STEP][PASSED] - println("looking for " + ele): null

2020-09-28 17:41:12 - [TEST_STEP][PASSED] - logInfo("looking for " + ele): looking for Page_tCC translationNotes/text_RowHeader_TIT frontintro

2020-09-28 17:41:12 - [MESSAGE][INFO] - looking for Page_tCC translationNotes/text_RowHeader_TIT frontintro

2020-09-28 17:41:12 - [TEST_STEP][PASSED] - if (!(verifyElementNotPresent(findTestObject(ele), 1, CONTINUE_ON_FAILURE))): Web element with id: 'Object Repository/Page_tCC translationNotes/text_RowHeader_TIT frontintro' located by 'By.xpath: //div[@id='header-front-intro-m2jl']/div/div' is not present after '1' second(s)

2020-09-28 17:41:13 - [MESSAGE][PASSED] - Web element with id: 'Object Repository/Page_tCC translationNotes/text_RowHeader_TIT frontintro' located by 'By.xpath: //div[@id='header-front-intro-m2jl']/div/div' is not present after '1' second(s)

2020-09-28 17:41:13 - [TEST_STEP][PASSED] - ele = page + elements[c][e]: null

2020-09-28 17:41:13 - [TEST_STEP][PASSED] - println("looking for " + ele): null

2020-09-28 17:41:13 - [TEST_STEP][PASSED] - logInfo("looking for " + ele): looking for Page_tCC translationNotes/text_RowHeader_TIT 1intro

2020-09-28 17:41:13 - [MESSAGE][INFO] - looking for Page_tCC translationNotes/text_RowHeader_TIT 1intro

2020-09-28 17:41:13 - [TEST_STEP][PASSED] - if (!(verifyElementNotPresent(findTestObject(ele), 1, CONTINUE_ON_FAILURE))): Web element with id: 'Object Repository/Page_tCC translationNotes/text_RowHeader_TIT 1intro' located by 'By.xpath: //div[@id='header-1-intro-c7me']/div/div' is not present after '1' second(s)

2020-09-28 17:41:13 - [MESSAGE][PASSED] - Web element with id: 'Object Repository/Page_tCC translationNotes/text_RowHeader_TIT 1intro' located by 'By.xpath: //div[@id='header-1-intro-c7me']/div/div' is not present after '1' second(s)

2020-09-28 17:41:13 - [TEST_STEP][PASSED] - ele = page + elements[c][e]: null

2020-09-28 17:41:13 - [TEST_STEP][PASSED] - println("looking for " + ele): null

2020-09-28 17:41:13 - [TEST_STEP][PASSED] - logInfo("looking for " + ele): looking for Page_tCC translationNotes/text_RowHeader_Titus 11

2020-09-28 17:41:13 - [MESSAGE][INFO] - looking for Page_tCC translationNotes/text_RowHeader_Titus 11

2020-09-28 17:41:13 - [TEST_STEP][PASSED] - if (!(verifyElementNotPresent(findTestObject(ele), 1, CONTINUE_ON_FAILURE))): Web element with id: 'Object Repository/Page_tCC translationNotes/text_RowHeader_Titus 11' located by 'By.xpath: //div[@id='header-1-1-rtc9']/div/div/div' is not present after '1' second(s)

2020-09-28 17:41:13 - [MESSAGE][PASSED] - Web element with id: 'Object Repository/Page_tCC translationNotes/text_RowHeader_Titus 11' located by 'By.xpath: //div[@id='header-1-1-rtc9']/div/div/div' is not present after '1' second(s)

2020-09-28 17:41:13 - [TEST_STEP][PASSED] - col = page + columns[c]: null

2020-09-28 17:41:13 - [TEST_STEP][PASSED] - click(findTestObject(col)): Object: 'Object Repository/Page_tCC translationNotes/columns_Book' is clicked on

2020-09-28 17:41:14 - [MESSAGE][PASSED] - Object: 'Object Repository/Page_tCC translationNotes/columns_Book' is clicked on

2020-09-28 17:41:14 - [TEST_STEP][PASSED] - verifyElementChecked(findTestObject(col), 1, CONTINUE_ON_FAILURE): Object 'Object Repository/Page_tCC translationNotes/columns_Book' is checked

2020-09-28 17:41:15 - [MESSAGE][PASSED] - Object 'Object Repository/Page_tCC translationNotes/columns_Book' is checked

2020-09-28 17:41:15 - [TEST_STEP][PASSED] - println("Testing for " + col + " elements visible."): null

2020-09-28 17:41:15 - [TEST_STEP][PASSED] - logInfo("Testing for " + col + " elements visible."): Testing for Page_tCC translationNotes/columns_Book elements visible.

2020-09-28 17:41:15 - [MESSAGE][INFO] - Testing for Page_tCC translationNotes/columns_Book elements visible.

2020-09-28 17:41:15 - [TEST_STEP][PASSED] - for (def e : (0..(elements[c].size() - 1))): Object 'Object Repository/Page_tCC translationNotes/text_Book_TIT' is visible

2020-09-28 17:41:15 - [TEST_STEP][PASSED] - ele = page + elements[c][e]: null

2020-09-28 17:41:15 - [TEST_STEP][PASSED] - println("looking for " + ele): null

2020-09-28 17:41:15 - [TEST_STEP][PASSED] - logInfo("looking for " + ele): looking for Page_tCC translationNotes/label_Book

2020-09-28 17:41:15 - [MESSAGE][INFO] - looking for Page_tCC translationNotes/label_Book

2020-09-28 17:41:15 - [TEST_STEP][PASSED] - verifyElementVisible(findTestObject(ele), CONTINUE_ON_FAILURE): Object 'Object Repository/Page_tCC translationNotes/label_Book' is visible

2020-09-28 17:41:15 - [MESSAGE][PASSED] - Object 'Object Repository/Page_tCC translationNotes/label_Book' is visible

2020-09-28 17:41:15 - [TEST_STEP][PASSED] - ele = page + elements[c][e]: null

2020-09-28 17:41:15 - [TEST_STEP][PASSED] - println("looking for " + ele): null

2020-09-28 17:41:15 - [TEST_STEP][PASSED] - logInfo("looking for " + ele): looking for Page_tCC translationNotes/text_Book_TIT

2020-09-28 17:41:15 - [MESSAGE][INFO] - looking for Page_tCC translationNotes/text_Book_TIT

2020-09-28 17:41:15 - [TEST_STEP][PASSED] - verifyElementVisible(findTestObject(ele), CONTINUE_ON_FAILURE): Object 'Object Repository/Page_tCC translationNotes/text_Book_TIT' is visible

2020-09-28 17:41:15 - [MESSAGE][PASSED] - Object 'Object Repository/Page_tCC translationNotes/text_Book_TIT' is visible

2020-09-28 17:41:15 - [TEST_STEP][PASSED] - println("Clicking " + col + " OFF, then Testing for elements not visible."): null

2020-09-28 17:41:15 - [TEST_STEP][PASSED] - logInfo("Clicking " + col + " OFF, then Testing for elements not visible."): Clicking Page_tCC translationNotes/columns_Book OFF, then Testing for elements not visible.

2020-09-28 17:41:15 - [MESSAGE][INFO] - Clicking Page_tCC translationNotes/columns_Book OFF, then Testing for elements not visible.

2020-09-28 17:41:15 - [TEST_STEP][PASSED] - click(findTestObject(col)): Object: 'Object Repository/Page_tCC translationNotes/columns_Book' is clicked on

2020-09-28 17:41:16 - [MESSAGE][PASSED] - Object: 'Object Repository/Page_tCC translationNotes/columns_Book' is clicked on

2020-09-28 17:41:16 - [TEST_STEP][PASSED] - verifyElementNotChecked(findTestObject(col), 1, CONTINUE_ON_FAILURE): Object 'Object Repository/Page_tCC translationNotes/columns_Book' is not checked

2020-09-28 17:41:17 - [MESSAGE][PASSED] - Object 'Object Repository/Page_tCC translationNotes/columns_Book' is not checked

2020-09-28 17:41:17 - [TEST_STEP][PASSED] - for (def e : (0..(elements[c].size() - 1))): Web element with id: 'Object Repository/Page_tCC translationNotes/text_Book_TIT' located by 'By.xpath: //tr[@id='MUIDataTableBodyRow-0']/td/div/div/div/div/div/div/p' is not present after '1' second(s)

2020-09-28 17:41:17 - [TEST_STEP][PASSED] - ele = page + elements[c][e]: null

2020-09-28 17:41:17 - [TEST_STEP][PASSED] - println("looking for " + ele): null

2020-09-28 17:41:17 - [TEST_STEP][PASSED] - logInfo("looking for " + ele): looking for Page_tCC translationNotes/label_Book

2020-09-28 17:41:17 - [MESSAGE][INFO] - looking for Page_tCC translationNotes/label_Book

2020-09-28 17:41:17 - [TEST_STEP][PASSED] - if (!(verifyElementNotPresent(findTestObject(ele), 1, CONTINUE_ON_FAILURE))): Web element with id: 'Object Repository/Page_tCC translationNotes/label_Book' located by 'By.xpath: //tr[@id='MUIDataTableBodyRow-0']/td/div/div/div/div/h6' is not present after '1' second(s)

2020-09-28 17:41:17 - [MESSAGE][PASSED] - Web element with id: 'Object Repository/Page_tCC translationNotes/label_Book' located by 'By.xpath: //tr[@id='MUIDataTableBodyRow-0']/td/div/div/div/div/h6' is not present after '1' second(s)

2020-09-28 17:41:17 - [TEST_STEP][PASSED] - ele = page + elements[c][e]: null

2020-09-28 17:41:17 - [TEST_STEP][PASSED] - println("looking for " + ele): null

2020-09-28 17:41:17 - [TEST_STEP][PASSED] - logInfo("looking for " + ele): looking for Page_tCC translationNotes/text_Book_TIT

2020-09-28 17:41:17 - [MESSAGE][INFO] - looking for Page_tCC translationNotes/text_Book_TIT

2020-09-28 17:41:17 - [TEST_STEP][PASSED] - if (!(verifyElementNotPresent(findTestObject(ele), 1, CONTINUE_ON_FAILURE))): Web element with id: 'Object Repository/Page_tCC translationNotes/text_Book_TIT' located by 'By.xpath: //tr[@id='MUIDataTableBodyRow-0']/td/div/div/div/div/div/div/p' is not present after '1' second(s)

2020-09-28 17:41:17 - [MESSAGE][PASSED] - Web element with id: 'Object Repository/Page_tCC translationNotes/text_Book_TIT' located by 'By.xpath: //tr[@id='MUIDataTableBodyRow-0']/td/div/div/div/div/div/div/p' is not present after '1' second(s)

2020-09-28 17:41:17 - [TEST_STEP][PASSED] - col = page + columns[c]: null

2020-09-28 17:41:17 - [TEST_STEP][PASSED] - click(findTestObject(col)): Object: 'Object Repository/Page_tCC translationNotes/columns_Chapter' is clicked on

2020-09-28 17:41:18 - [MESSAGE][PASSED] - Object: 'Object Repository/Page_tCC translationNotes/columns_Chapter' is clicked on

2020-09-28 17:41:18 - [TEST_STEP][PASSED] - verifyElementChecked(findTestObject(col), 1, CONTINUE_ON_FAILURE): Object 'Object Repository/Page_tCC translationNotes/columns_Chapter' is checked

2020-09-28 17:41:19 - [MESSAGE][PASSED] - Object 'Object Repository/Page_tCC translationNotes/columns_Chapter' is checked

2020-09-28 17:41:19 - [TEST_STEP][PASSED] - println("Testing for " + col + " elements visible."): null

2020-09-28 17:41:19 - [TEST_STEP][PASSED] - logInfo("Testing for " + col + " elements visible."): Testing for Page_tCC translationNotes/columns_Chapter elements visible.

2020-09-28 17:41:19 - [MESSAGE][INFO] - Testing for Page_tCC translationNotes/columns_Chapter elements visible.

2020-09-28 17:41:19 - [TEST_STEP][PASSED] - for (def e : (0..(elements[c].size() - 1))): Object 'Object Repository/Page_tCC translationNotes/text_Chapter_1' is visible

2020-09-28 17:41:19 - [TEST_STEP][PASSED] - ele = page + elements[c][e]: null

2020-09-28 17:41:19 - [TEST_STEP][PASSED] - println("looking for " + ele): null

2020-09-28 17:41:19 - [TEST_STEP][PASSED] - logInfo("looking for " + ele): looking for Page_tCC translationNotes/label_Chapter

2020-09-28 17:41:19 - [MESSAGE][INFO] - looking for Page_tCC translationNotes/label_Chapter

2020-09-28 17:41:19 - [TEST_STEP][PASSED] - verifyElementVisible(findTestObject(ele), CONTINUE_ON_FAILURE): Object 'Object Repository/Page_tCC translationNotes/label_Chapter' is visible

2020-09-28 17:41:19 - [MESSAGE][PASSED] - Object 'Object Repository/Page_tCC translationNotes/label_Chapter' is visible

2020-09-28 17:41:19 - [TEST_STEP][PASSED] - ele = page + elements[c][e]: null

2020-09-28 17:41:19 - [TEST_STEP][PASSED] - println("looking for " + ele): null

2020-09-28 17:41:19 - [TEST_STEP][PASSED] - logInfo("looking for " + ele): looking for Page_tCC translationNotes/text_Chapter_front

2020-09-28 17:41:19 - [MESSAGE][INFO] - looking for Page_tCC translationNotes/text_Chapter_front

2020-09-28 17:41:19 - [TEST_STEP][PASSED] - verifyElementVisible(findTestObject(ele), CONTINUE_ON_FAILURE): Object 'Object Repository/Page_tCC translationNotes/text_Chapter_front' is visible

2020-09-28 17:41:20 - [MESSAGE][PASSED] - Object 'Object Repository/Page_tCC translationNotes/text_Chapter_front' is visible

2020-09-28 17:41:20 - [TEST_STEP][PASSED] - ele = page + elements[c][e]: null

2020-09-28 17:41:20 - [TEST_STEP][PASSED] - println("looking for " + ele): null

2020-09-28 17:41:20 - [TEST_STEP][PASSED] - logInfo("looking for " + ele): looking for Page_tCC translationNotes/text_Chapter_1

2020-09-28 17:41:20 - [MESSAGE][INFO] - looking for Page_tCC translationNotes/text_Chapter_1

2020-09-28 17:41:20 - [TEST_STEP][PASSED] - verifyElementVisible(findTestObject(ele), CONTINUE_ON_FAILURE): Object 'Object Repository/Page_tCC translationNotes/text_Chapter_1' is visible

2020-09-28 17:41:20 - [MESSAGE][PASSED] - Object 'Object Repository/Page_tCC translationNotes/text_Chapter_1' is visible

2020-09-28 17:41:20 - [TEST_STEP][PASSED] - println("Clicking " + col + " OFF, then Testing for elements not visible."): null

2020-09-28 17:41:20 - [TEST_STEP][PASSED] - logInfo("Clicking " + col + " OFF, then Testing for elements not visible."): Clicking Page_tCC translationNotes/columns_Chapter OFF, then Testing for elements not visible.

2020-09-28 17:41:20 - [MESSAGE][INFO] - Clicking Page_tCC translationNotes/columns_Chapter OFF, then Testing for elements not visible.

2020-09-28 17:41:20 - [TEST_STEP][PASSED] - click(findTestObject(col)): Object: 'Object Repository/Page_tCC translationNotes/columns_Chapter' is clicked on

2020-09-28 17:41:21 - [MESSAGE][PASSED] - Object: 'Object Repository/Page_tCC translationNotes/columns_Chapter' is clicked on

2020-09-28 17:41:21 - [TEST_STEP][PASSED] - verifyElementNotChecked(findTestObject(col), 1, CONTINUE_ON_FAILURE): Object 'Object Repository/Page_tCC translationNotes/columns_Chapter' is not checked

2020-09-28 17:41:22 - [MESSAGE][PASSED] - Object 'Object Repository/Page_tCC translationNotes/columns_Chapter' is not checked

2020-09-28 17:41:22 - [TEST_STEP][PASSED] - for (def e : (0..(elements[c].size() - 1))): Web element with id: 'Object Repository/Page_tCC translationNotes/text_Chapter_1' located by 'By.xpath: //tr[@id='MUIDataTableBodyRow-1']/td/div/div/div/div/div/div/p' is not present after '1' second(s)

2020-09-28 17:41:22 - [TEST_STEP][PASSED] - ele = page + elements[c][e]: null

2020-09-28 17:41:22 - [TEST_STEP][PASSED] - println("looking for " + ele): null

2020-09-28 17:41:22 - [TEST_STEP][PASSED] - logInfo("looking for " + ele): looking for Page_tCC translationNotes/label_Chapter

2020-09-28 17:41:22 - [MESSAGE][INFO] - looking for Page_tCC translationNotes/label_Chapter

2020-09-28 17:41:22 - [TEST_STEP][PASSED] - if (!(verifyElementNotPresent(findTestObject(ele), 1, CONTINUE_ON_FAILURE))): Web element with id: 'Object Repository/Page_tCC translationNotes/label_Chapter' located by 'By.xpath: //tr[@id='MUIDataTableBodyRow-0']/td/div/div/div/div/h6' is not present after '1' second(s)

2020-09-28 17:41:22 - [MESSAGE][PASSED] - Web element with id: 'Object Repository/Page_tCC translationNotes/label_Chapter' located by 'By.xpath: //tr[@id='MUIDataTableBodyRow-0']/td/div/div/div/div/h6' is not present after '1' second(s)

2020-09-28 17:41:22 - [TEST_STEP][PASSED] - ele = page + elements[c][e]: null

2020-09-28 17:41:22 - [TEST_STEP][PASSED] - println("looking for " + ele): null

2020-09-28 17:41:22 - [TEST_STEP][PASSED] - logInfo("looking for " + ele): looking for Page_tCC translationNotes/text_Chapter_front

2020-09-28 17:41:22 - [MESSAGE][INFO] - looking for Page_tCC translationNotes/text_Chapter_front

2020-09-28 17:41:22 - [TEST_STEP][PASSED] - if (!(verifyElementNotPresent(findTestObject(ele), 1, CONTINUE_ON_FAILURE))): Web element with id: 'Object Repository/Page_tCC translationNotes/text_Chapter_front' located by 'By.xpath: //tr[@id='MUIDataTableBodyRow-0']/td/div/div/div/div/div/div/p' is not present after '1' second(s)

2020-09-28 17:41:23 - [MESSAGE][PASSED] - Web element with id: 'Object Repository/Page_tCC translationNotes/text_Chapter_front' located by 'By.xpath: //tr[@id='MUIDataTableBodyRow-0']/td/div/div/div/div/div/div/p' is not present after '1' second(s)

2020-09-28 17:41:23 - [TEST_STEP][PASSED] - ele = page + elements[c][e]: null

2020-09-28 17:41:23 - [TEST_STEP][PASSED] - println("looking for " + ele): null

2020-09-28 17:41:23 - [TEST_STEP][PASSED] - logInfo("looking for " + ele): looking for Page_tCC translationNotes/text_Chapter_1

2020-09-28 17:41:23 - [MESSAGE][INFO] - looking for Page_tCC translationNotes/text_Chapter_1

2020-09-28 17:41:23 - [TEST_STEP][PASSED] - if (!(verifyElementNotPresent(findTestObject(ele), 1, CONTINUE_ON_FAILURE))): Web element with id: 'Object Repository/Page_tCC translationNotes/text_Chapter_1' located by 'By.xpath: //tr[@id='MUIDataTableBodyRow-1']/td/div/div/div/div/div/div/p' is not present after '1' second(s)

2020-09-28 17:41:23 - [MESSAGE][PASSED] - Web element with id: 'Object Repository/Page_tCC translationNotes/text_Chapter_1' located by 'By.xpath: //tr[@id='MUIDataTableBodyRow-1']/td/div/div/div/div/div/div/p' is not present after '1' second(s)

2020-09-28 17:41:23 - [TEST_STEP][PASSED] - col = page + columns[c]: null

2020-09-28 17:41:23 - [TEST_STEP][PASSED] - click(findTestObject(col)): Object: 'Object Repository/Page_tCC translationNotes/columns_Verse' is clicked on

2020-09-28 17:41:24 - [MESSAGE][PASSED] - Object: 'Object Repository/Page_tCC translationNotes/columns_Verse' is clicked on

2020-09-28 17:41:24 - [TEST_STEP][PASSED] - verifyElementChecked(findTestObject(col), 1, CONTINUE_ON_FAILURE): Object 'Object Repository/Page_tCC translationNotes/columns_Verse' is checked

2020-09-28 17:41:25 - [MESSAGE][PASSED] - Object 'Object Repository/Page_tCC translationNotes/columns_Verse' is checked

2020-09-28 17:41:25 - [TEST_STEP][PASSED] - println("Testing for " + col + " elements visible."): null

2020-09-28 17:41:25 - [TEST_STEP][PASSED] - logInfo("Testing for " + col + " elements visible."): Testing for Page_tCC translationNotes/columns_Verse elements visible.

2020-09-28 17:41:25 - [MESSAGE][INFO] - Testing for Page_tCC translationNotes/columns_Verse elements visible.

2020-09-28 17:41:25 - [TEST_STEP][PASSED] - for (def e : (0..(elements[c].size() - 1))): Object 'Object Repository/Page_tCC translationNotes/text_Verse_1' is visible

2020-09-28 17:41:25 - [TEST_STEP][PASSED] - ele = page + elements[c][e]: null

2020-09-28 17:41:25 - [TEST_STEP][PASSED] - println("looking for " + ele): null

2020-09-28 17:41:25 - [TEST_STEP][PASSED] - logInfo("looking for " + ele): looking for Page_tCC translationNotes/label_Verse

2020-09-28 17:41:25 - [MESSAGE][INFO] - looking for Page_tCC translationNotes/label_Verse

2020-09-28 17:41:25 - [TEST_STEP][PASSED] - verifyElementVisible(findTestObject(ele), CONTINUE_ON_FAILURE): Object 'Object Repository/Page_tCC translationNotes/label_Verse' is visible

2020-09-28 17:41:25 - [MESSAGE][PASSED] - Object 'Object Repository/Page_tCC translationNotes/label_Verse' is visible

2020-09-28 17:41:25 - [TEST_STEP][PASSED] - ele = page + elements[c][e]: null

2020-09-28 17:41:25 - [TEST_STEP][PASSED] - println("looking for " + ele): null

2020-09-28 17:41:25 - [TEST_STEP][PASSED] - logInfo("looking for " + ele): looking for Page_tCC translationNotes/text_Verse_intro

2020-09-28 17:41:25 - [MESSAGE][INFO] - looking for Page_tCC translationNotes/text_Verse_intro

2020-09-28 17:41:25 - [TEST_STEP][PASSED] - verifyElementVisible(findTestObject(ele), CONTINUE_ON_FAILURE): Object 'Object Repository/Page_tCC translationNotes/text_Verse_intro' is visible

2020-09-28 17:41:25 - [MESSAGE][PASSED] - Object 'Object Repository/Page_tCC translationNotes/text_Verse_intro' is visible

2020-09-28 17:41:25 - [TEST_STEP][PASSED] - ele = page + elements[c][e]: null

2020-09-28 17:41:25 - [TEST_STEP][PASSED] - println("looking for " + ele): null

2020-09-28 17:41:25 - [TEST_STEP][PASSED] - logInfo("looking for " + ele): looking for Page_tCC translationNotes/text_Verse_1

2020-09-28 17:41:25 - [MESSAGE][INFO] - looking for Page_tCC translationNotes/text_Verse_1

2020-09-28 17:41:25 - [TEST_STEP][PASSED] - verifyElementVisible(findTestObject(ele), CONTINUE_ON_FAILURE): Object 'Object Repository/Page_tCC translationNotes/text_Verse_1' is visible

2020-09-28 17:41:26 - [MESSAGE][PASSED] - Object 'Object Repository/Page_tCC translationNotes/text_Verse_1' is visible

2020-09-28 17:41:26 - [TEST_STEP][PASSED] - println("Clicking " + col + " OFF, then Testing for elements not visible."): null

2020-09-28 17:41:26 - [TEST_STEP][PASSED] - logInfo("Clicking " + col + " OFF, then Testing for elements not visible."): Clicking Page_tCC translationNotes/columns_Verse OFF, then Testing for elements not visible.

2020-09-28 17:41:26 - [MESSAGE][INFO] - Clicking Page_tCC translationNotes/columns_Verse OFF, then Testing for elements not visible.

2020-09-28 17:41:26 - [TEST_STEP][PASSED] - click(findTestObject(col)): Object: 'Object Repository/Page_tCC translationNotes/columns_Verse' is clicked on

2020-09-28 17:41:26 - [MESSAGE][PASSED] - Object: 'Object Repository/Page_tCC translationNotes/columns_Verse' is clicked on

2020-09-28 17:41:26 - [TEST_STEP][PASSED] - verifyElementNotChecked(findTestObject(col), 1, CONTINUE_ON_FAILURE): Object 'Object Repository/Page_tCC translationNotes/columns_Verse' is not checked

2020-09-28 17:41:27 - [MESSAGE][PASSED] - Object 'Object Repository/Page_tCC translationNotes/columns_Verse' is not checked

2020-09-28 17:41:27 - [TEST_STEP][PASSED] - for (def e : (0..(elements[c].size() - 1))): Web element with id: 'Object Repository/Page_tCC translationNotes/text_Verse_1' located by 'By.xpath: //tr[@id='MUIDataTableBodyRow-1']/td/div/div/div/div/div/div/p' is not present after '1' second(s)

2020-09-28 17:41:27 - [TEST_STEP][PASSED] - ele = page + elements[c][e]: null

2020-09-28 17:41:27 - [TEST_STEP][PASSED] - println("looking for " + ele): null

2020-09-28 17:41:27 - [TEST_STEP][PASSED] - logInfo("looking for " + ele): looking for Page_tCC translationNotes/label_Verse

2020-09-28 17:41:27 - [MESSAGE][INFO] - looking for Page_tCC translationNotes/label_Verse

2020-09-28 17:41:27 - [TEST_STEP][PASSED] - if (!(verifyElementNotPresent(findTestObject(ele), 1, CONTINUE_ON_FAILURE))): Web element with id: 'Object Repository/Page_tCC translationNotes/label_Verse' located by 'By.xpath: //tr[@id='MUIDataTableBodyRow-0']/td/div/div/div/div/h6' is not present after '1' second(s)

2020-09-28 17:41:28 - [MESSAGE][PASSED] - Web element with id: 'Object Repository/Page_tCC translationNotes/label_Verse' located by 'By.xpath: //tr[@id='MUIDataTableBodyRow-0']/td/div/div/div/div/h6' is not present after '1' second(s)

2020-09-28 17:41:28 - [TEST_STEP][PASSED] - ele = page + elements[c][e]: null

2020-09-28 17:41:28 - [TEST_STEP][PASSED] - println("looking for " + ele): null

2020-09-28 17:41:28 - [TEST_STEP][PASSED] - logInfo("looking for " + ele): looking for Page_tCC translationNotes/text_Verse_intro

2020-09-28 17:41:28 - [MESSAGE][INFO] - looking for Page_tCC translationNotes/text_Verse_intro

2020-09-28 17:41:28 - [TEST_STEP][PASSED] - if (!(verifyElementNotPresent(findTestObject(ele), 1, CONTINUE_ON_FAILURE))): Web element with id: 'Object Repository/Page_tCC translationNotes/text_Verse_intro' located by 'By.xpath: //tr[@id='MUIDataTableBodyRow-0']/td/div/div/div/div/div/div/p' is not present after '1' second(s)

2020-09-28 17:41:28 - [MESSAGE][PASSED] - Web element with id: 'Object Repository/Page_tCC translationNotes/text_Verse_intro' located by 'By.xpath: //tr[@id='MUIDataTableBodyRow-0']/td/div/div/div/div/div/div/p' is not present after '1' second(s)

2020-09-28 17:41:28 - [TEST_STEP][PASSED] - ele = page + elements[c][e]: null

2020-09-28 17:41:28 - [TEST_STEP][PASSED] - println("looking for " + ele): null

2020-09-28 17:41:28 - [TEST_STEP][PASSED] - logInfo("looking for " + ele): looking for Page_tCC translationNotes/text_Verse_1

2020-09-28 17:41:28 - [MESSAGE][INFO] - looking for Page_tCC translationNotes/text_Verse_1

2020-09-28 17:41:28 - [TEST_STEP][PASSED] - if (!(verifyElementNotPresent(findTestObject(ele), 1, CONTINUE_ON_FAILURE))): Web element with id: 'Object Repository/Page_tCC translationNotes/text_Verse_1' located by 'By.xpath: //tr[@id='MUIDataTableBodyRow-1']/td/div/div/div/div/div/div/p' is not present after '1' second(s)

2020-09-28 17:41:28 - [MESSAGE][PASSED] - Web element with id: 'Object Repository/Page_tCC translationNotes/text_Verse_1' located by 'By.xpath: //tr[@id='MUIDataTableBodyRow-1']/td/div/div/div/div/div/div/p' is not present after '1' second(s)

2020-09-28 17:41:28 - [TEST_STEP][PASSED] - col = page + columns[c]: null

[...]
	at com.kms.katalon.core.webui.keyword.internal.WebUIKeywordMain.stepFailed(WebUIKeywordMain.groovy:64)
	at com.kms.katalon.core.webui.keyword.internal.WebUIKeywordMain.runKeyword(WebUIKeywordMain.groovy:26)
	at com.kms.katalon.core.webui.keyword.internal.WebUIKeywordMain$runKeyword.call(Unknown Source)
	at com.kms.katalon.core.webui.keyword.builtin.WaitForElementNotPresentKeyword.waitForElementNotPresent(WaitForElementNotPresentKeyword.groovy:114)
	at com.kms.katalon.core.webui.keyword.builtin.WaitForElementNotPresentKeyword.execute(WaitForElementNotPresentKeyword.groovy:68)
	at com.kms.katalon.core.keyword.internal.KeywordExecutor.executeKeywordForPlatform(KeywordExecutor.groovy:73)
	at com.kms.katalon.core.webui.keyword.WebUiBuiltInKeywords.waitForElementNotPresent(WebUiBuiltInKeywords.groovy:294)
	at com.kms.katalon.core.webui.keyword.WebUiBuiltInKeywords$waitForElementNotPresent$26.call(Unknown Source)
	at tCC Test Multiple Sessions.run(tCC Test Multiple Sessions:70)
	at com.kms.katalon.core.main.ScriptEngine.run(ScriptEngine.java:194)
	at com.kms.katalon.core.main.ScriptEngine.runScriptAsRawText(ScriptEngine.java:119)
	at com.kms.katalon.core.main.TestCaseExecutor.runScript(TestCaseExecutor.java:339)
	at com.kms.katalon.core.main.TestCaseExecutor.doExecute(TestCaseExecutor.java:330)
	at com.kms.katalon.core.main.TestCaseExecutor.processExecutionPhase(TestCaseExecutor.java:309)
	at com.kms.katalon.core.main.TestCaseExecutor.accessMainPhase(TestCaseExecutor.java:301)
	at com.kms.katalon.core.main.TestCaseExecutor.execute(TestCaseExecutor.java:235)
	at com.kms.katalon.core.main.TestSuiteExecutor.accessTestCaseMainPhase(TestSuiteExecutor.java:191)
	at com.kms.katalon.core.main.TestSuiteExecutor.accessTestSuiteMainPhase(TestSuiteExecutor.java:141)
	at com.kms.katalon.core.main.TestSuiteExecutor.execute(TestSuiteExecutor.java:90)
	at com.kms.katalon.core.main.TestCaseMain.startTestSuite(TestCaseMain.java:157)
	at com.kms.katalon.core.main.TestCaseMain$startTestSuite$0.call(Unknown Source)
	at TempTestSuite1601332787060.run(TempTestSuite1601332787060.groovy:39)
Caused by: java.lang.IllegalArgumentException: Object is null
	at com.kms.katalon.core.helper.KeywordHelper.checkTestObjectParameter(KeywordHelper.java:33)
	at com.kms.katalon.core.helper.KeywordHelper$checkTestObjectParameter.call(Unknown Source)
	at com.kms.katalon.core.helper.KeywordHelper$checkTestObjectParameter.call(Unknown Source)
	at com.kms.katalon.core.webui.keyword.builtin.WaitForElementNotPresentKeyword$_waitForElementNotPresent_closure1.doCall(WaitForElementNotPresentKeyword.groovy:75)
	at com.kms.katalon.core.webui.keyword.builtin.WaitForElementNotPresentKeyword$_waitForElementNotPresent_closure1.doCall(WaitForElementNotPresentKeyword.groovy)
	at com.kms.katalon.core.webui.keyword.internal.WebUIKeywordMain.runKeyword(WebUIKeywordMain.groovy:20)
	at com.kms.katalon.core.webui.keyword.internal.WebUIKeywordMain$runKeyword.call(Unknown Source)
	at com.kms.katalon.core.webui.keyword.builtin.WaitForElementNotPresentKeyword.waitForElementNotPresent(WaitForElementNotPresentKeyword.groovy:114)
	at com.kms.katalon.core.webui.keyword.builtin.WaitForElementNotPresentKeyword.execute(WaitForElementNotPresentKeyword.groovy:68)
	at com.kms.katalon.core.keyword.internal.KeywordExecutor.executeKeywordForPlatform(KeywordExecutor.groovy:73)
	at com.kms.katalon.core.webui.keyword.WebUiBuiltInKeywords.waitForElementNotPresent(WebUiBuiltInKeywords.groovy:294)
	at com.kms.katalon.core.webui.keyword.WebUiBuiltInKeywords$waitForElementNotPresent$26.call(Unknown Source)
	at Script1601076154961.run(Script1601076154961.groovy:70)
	... 13 more
)
	at com.kms.katalon.core.keyword.internal.KeywordMain.stepFailed(KeywordMain.groovy:39)
	at com.kms.katalon.core.webui.keyword.internal.WebUIKeywordMain.stepFailed(WebUIKeywordMain.groovy:64)
	at com.kms.katalon.core.webui.keyword.internal.WebUIKeywordMain.runKeyword(WebUIKeywordMain.groovy:26)
	at com.kms.katalon.core.webui.keyword.internal.WebUIKeywordMain$runKeyword.call(Unknown Source)
	at com.kms.katalon.core.webui.keyword.builtin.WaitForElementNotPresentKeyword.waitForElementNotPresent(WaitForElementNotPresentKeyword.groovy:114)
	at com.kms.katalon.core.webui.keyword.builtin.WaitForElementNotPresentKeyword.execute(WaitForElementNotPresentKeyword.groovy:68)
	at com.kms.katalon.core.keyword.internal.KeywordExecutor.executeKeywordForPlatform(KeywordExecutor.groovy:73)
	at com.kms.katalon.core.webui.keyword.WebUiBuiltInKeywords.waitForElementNotPresent(WebUiBuiltInKeywords.groovy:294)
	at com.kms.katalon.core.webui.keyword.WebUiBuiltInKeywords$waitForElementNotPresent$26.call(Unknown Source)
	at tCC Test Multiple Sessions.run(tCC Test Multiple Sessions:70)
	at com.kms.katalon.core.main.ScriptEngine.run(ScriptEngine.java:194)
	at com.kms.katalon.core.main.ScriptEngine.runScriptAsRawText(ScriptEngine.java:119)
	at com.kms.katalon.core.main.TestCaseExecutor.runScript(TestCaseExecutor.java:339)
	at com.kms.katalon.core.main.TestCaseExecutor.doExecute(TestCaseExecutor.java:330)
	at com.kms.katalon.core.main.TestCaseExecutor.processExecutionPhase(TestCaseExecutor.java:309)
	at com.kms.katalon.core.main.TestCaseExecutor.accessMainPhase(TestCaseExecutor.java:301)
	at com.kms.katalon.core.main.TestCaseExecutor.execute(TestCaseExecutor.java:235)
	at com.kms.katalon.core.main.TestSuiteExecutor.accessTestCaseMainPhase(TestSuiteExecutor.java:191)
	at com.kms.katalon.core.main.TestSuiteExecutor.accessTestSuiteMainPhase(TestSuiteExecutor.java:141)
	at com.kms.katalon.core.main.TestSuiteExecutor.execute(TestSuiteExecutor.java:90)
	at com.kms.katalon.core.main.TestCaseMain.startTestSuite(TestCaseMain.java:157)
	at com.kms.katalon.core.main.TestCaseMain$startTestSuite$0.call(Unknown Source)
	at TempTestSuite1601332787060.run(TempTestSuite1601332787060.groovy:39)
Caused by: com.kms.katalon.core.exception.StepFailedException: Unable to wait for object to be not present
	... 22 more
Caused by: java.lang.IllegalArgumentException: Object is null
	at com.kms.katalon.core.helper.KeywordHelper.checkTestObjectParameter(KeywordHelper.java:33)
	at com.kms.katalon.core.helper.KeywordHelper$checkTestObjectParameter.call(Unknown Source)
	at com.kms.katalon.core.helper.KeywordHelper$checkTestObjectParameter.call(Unknown Source)
	at com.kms.katalon.core.webui.keyword.builtin.WaitForElementNotPresentKeyword$_waitForElementNotPresent_closure1.doCall(WaitForElementNotPresentKeyword.groovy:75)
	at com.kms.katalon.core.webui.keyword.builtin.WaitForElementNotPresentKeyword$_waitForElementNotPresent_closure1.doCall(WaitForElementNotPresentKeyword.groovy)
	at com.kms.katalon.core.webui.keyword.internal.WebUIKeywordMain.runKeyword(WebUIKeywordMain.groovy:20)
	... 20 more]]></system-err>
      </testcase>
      <system-out><![CDATA[2020-09-28 17:40:12 - [TEST_SUITE][FAILED] - tCC Test Suite 1: Test Cases/tCC Test Cases/tCC tA Test Block Quotes FAILED.
Reason:
com.kms.katalon.core.exception.StepFailedException: com.kms.katalon.core.webui.exception.WebElementNotFoundException: Web element with id: 'Object Repository/Page_tCC translationAcademy/button_SaveEnabled' located by 'id("root")/div[@class="App"]/div[1]/div[@class="jss50"]/div[@class="jss54"]/div[@class="MuiPaper-root MuiPaper-elevation1 MuiPaper-rounded"]/div[@class="jss55"]/button[@class="MuiButtonBase-root MuiIconButton-root jss56"][count(. | //*[@type = 'button' and @aria-label = 'Save']) = count(//*[@type = 'button' and @aria-label = 'Save'])]' not found (Root cause: com.kms.katalon.core.exception.StepFailedException: com.kms.katalon.core.webui.exception.WebElementNotFoundException: Web element with id: 'Object Repository/Page_tCC translationAcademy/button_SaveEnabled' located by 'id("root")/div[@class="App"]/div[1]/div[@class="jss50"]/div[@class="jss54"]/div[@class="MuiPaper-root MuiPaper-elevation1 MuiPaper-rounded"]/div[@class="jss55"]/button[@class="MuiButtonBase-root MuiIconButton-root jss56"][count(. | //*[@type = 'button' and @aria-label = 'Save']) = count(//*[@type = 'button' and @aria-label = 'Save'])]' not found
	at com.kms.katalon.core.webui.keyword.internal.WebUIKeywordMain.stepFailed(WebUIKeywordMain.groovy:64)
	at com.kms.katalon.core.webui.keyword.builtin.VerifyElementPresentKeyword$_verifyElementPresent_closure1.doCall(VerifyElementPresentKeyword.groovy:85)
	at com.kms.katalon.core.webui.keyword.builtin.VerifyElementPresentKeyword$_verifyElementPresent_closure1.call(VerifyElementPresentKeyword.groovy)
	at com.kms.katalon.core.webui.keyword.internal.WebUIKeywordMain.runKeyword(WebUIKeywordMain.groovy:20)
	at com.kms.katalon.core.webui.keyword.builtin.VerifyElementPresentKeyword.verifyElementPresent(VerifyElementPresentKeyword.groovy:92)
	at com.kms.katalon.core.webui.keyword.builtin.VerifyElementPresentKeyword.execute(VerifyElementPresentKeyword.groovy:68)
	at com.kms.katalon.core.keyword.internal.KeywordExecutor.executeKeywordForPlatform(KeywordExecutor.groovy:73)
	at com.kms.katalon.core.webui.keyword.WebUiBuiltInKeywords.verifyElementPresent(WebUiBuiltInKeywords.groovy:1444)
	at com.kms.katalon.core.webui.keyword.WebUiBuiltInKeywords$verifyElementPresent$20.call(Unknown Source)
	at tCC tA Test Block Quotes.run(tCC tA Test Block Quotes:44)
	at com.kms.katalon.core.main.ScriptEngine.run(ScriptEngine.java:194)
	at com.kms.katalon.core.main.ScriptEngine.runScriptAsRawText(ScriptEngine.java:119)
	at com.kms.katalon.core.main.TestCaseExecutor.runScript(TestCaseExecutor.java:339)
	at com.kms.katalon.core.main.TestCaseExecutor.doExecute(TestCaseExecutor.java:330)
	at com.kms.katalon.core.main.TestCaseExecutor.processExecutionPhase(TestCaseExecutor.java:309)
	at com.kms.katalon.core.main.TestCaseExecutor.accessMainPhase(TestCaseExecutor.java:301)
	at com.kms.katalon.core.main.TestCaseExecutor.execute(TestCaseExecutor.java:235)
	at com.kms.katalon.core.main.TestSuiteExecutor.accessTestCaseMainPhase(TestSuiteExecutor.java:191)
	at com.kms.katalon.core.main.TestSuiteExecutor.accessTestSuiteMainPhase(TestSuiteExecutor.java:141)
	at com.kms.katalon.core.main.TestSuiteExecutor.execute(TestSuiteExecutor.java:90)
	at com.kms.katalon.core.main.TestCaseMain.startTestSuite(TestCaseMain.java:157)
	at com.kms.katalon.core.main.TestCaseMain$startTestSuite$0.call(Unknown Source)
	at TempTestSuite1601332787060.run(TempTestSuite1601332787060.groovy:39)
)
	at com.kms.katalon.core.keyword.internal.KeywordMain.stepFailed(KeywordMain.groovy:39)
	at com.kms.katalon.core.webui.keyword.internal.WebUIKeywordMain.stepFailed(WebUIKeywordMain.groovy:64)
	at com.kms.katalon.core.webui.keyword.builtin.VerifyElementPresentKeyword$_verifyElementPresent_closure1.doCall(VerifyElementPresentKeyword.groovy:85)
	at com.kms.katalon.core.webui.keyword.builtin.VerifyElementPresentKeyword$_verifyElementPresent_closure1.call(VerifyElementPresentKeyword.groovy)
	at com.kms.katalon.core.webui.keyword.internal.WebUIKeywordMain.runKeyword(WebUIKeywordMain.groovy:20)
	at com.kms.katalon.core.webui.keyword.builtin.VerifyElementPresentKeyword.verifyElementPresent(VerifyElementPresentKeyword.groovy:92)
	at com.kms.katalon.core.webui.keyword.builtin.VerifyElementPresentKeyword.execute(VerifyElementPresentKeyword.groovy:68)
	at com.kms.katalon.core.keyword.internal.KeywordExecutor.executeKeywordForPlatform(KeywordExecutor.groovy:73)
	at com.kms.katalon.core.webui.keyword.WebUiBuiltInKeywords.verifyElementPresent(WebUiBuiltInKeywords.groovy:1444)
	at com.kms.katalon.core.webui.keyword.WebUiBuiltInKeywords$verifyElementPresent$20.call(Unknown Source)
	at tCC tA Test Block Quotes.run(tCC tA Test Block Quotes:44)
	at com.kms.katalon.core.main.ScriptEngine.run(ScriptEngine.java:194)
	at com.kms.katalon.core.main.ScriptEngine.runScriptAsRawText(ScriptEngine.java:119)
	at com.kms.katalon.core.main.TestCaseExecutor.runScript(TestCaseExecutor.java:339)
	at com.kms.katalon.core.main.TestCaseExecutor.doExecute(TestCaseExecutor.java:330)
	at com.kms.katalon.core.main.TestCaseExecutor.processExecutionPhase(TestCaseExecutor.java:309)
	at com.kms.katalon.core.main.TestCaseExecutor.accessMainPhase(TestCaseExecutor.java:301)
	at com.kms.katalon.core.main.TestCaseExecutor.execute(TestCaseExecutor.java:235)
	at com.kms.katalon.core.main.TestSuiteExecutor.accessTestCaseMainPhase(TestSuiteExecutor.java:191)
	at com.kms.katalon.core.main.TestSuiteExecutor.accessTestSuiteMainPhase(TestSuiteExecutor.java:141)
	at com.kms.katalon.core.main.TestSuiteExecutor.execute(TestSuiteExecutor.java:90)
	at com.kms.katalon.core.main.TestCaseMain.startTestSuite(TestCaseMain.java:157)
	at com.kms.katalon.core.main.TestCaseMain$startTestSuite$0.call(Unknown Source)
	at TempTestSuite1601332787060.run(TempTestSuite1601332787060.groovy:39)
Caused by: com.kms.katalon.core.exception.StepFailedException: com.kms.katalon.core.webui.exception.WebElementNotFoundException: Web element with id: 'Object Repository/Page_tCC translationAcademy/button_SaveEnabled' located by 'id("root")/div[@class="App"]/div[1]/div[@class="jss50"]/div[@class="jss54"]/div[@class="MuiPaper-root MuiPaper-elevation1 MuiPaper-rounded"]/div[@class="jss55"]/button[@class="MuiButtonBase-root MuiIconButton-root jss56"][count(. | //*[@type = 'button' and @aria-label = 'Save']) = count(//*[@type = 'button' and @aria-label = 'Save'])]' not found
	... 23 more]]></system-out>
      <system-err><![CDATA[2020-09-28 17:40:12 - [TEST_SUITE][FAILED] - tCC Test Suite 1: Test Cases/tCC Test Cases/tCC tA Test Block Quotes FAILED.
Reason:
com.kms.katalon.core.exception.StepFailedException: com.kms.katalon.core.webui.exception.WebElementNotFoundException: Web element with id: 'Object Repository/Page_tCC translationAcademy/button_SaveEnabled' located by 'id("root")/div[@class="App"]/div[1]/div[@class="jss50"]/div[@class="jss54"]/div[@class="MuiPaper-root MuiPaper-elevation1 MuiPaper-rounded"]/div[@class="jss55"]/button[@class="MuiButtonBase-root MuiIconButton-root jss56"][count(. | //*[@type = 'button' and @aria-label = 'Save']) = count(//*[@type = 'button' and @aria-label = 'Save'])]' not found (Root cause: com.kms.katalon.core.exception.StepFailedException: com.kms.katalon.core.webui.exception.WebElementNotFoundException: Web element with id: 'Object Repository/Page_tCC translationAcademy/button_SaveEnabled' located by 'id("root")/div[@class="App"]/div[1]/div[@class="jss50"]/div[@class="jss54"]/div[@class="MuiPaper-root MuiPaper-elevation1 MuiPaper-rounded"]/div[@class="jss55"]/button[@class="MuiButtonBase-root MuiIconButton-root jss56"][count(. | //*[@type = 'button' and @aria-label = 'Save']) = count(//*[@type = 'button' and @aria-label = 'Save'])]' not found
	at com.kms.katalon.core.webui.keyword.internal.WebUIKeywordMain.stepFailed(WebUIKeywordMain.groovy:64)
	at com.kms.katalon.core.webui.keyword.builtin.VerifyElementPresentKeyword$_verifyElementPresent_closure1.doCall(VerifyElementPresentKeyword.groovy:85)
	at com.kms.katalon.core.webui.keyword.builtin.VerifyElementPresentKeyword$_verifyElementPresent_closure1.call(VerifyElementPresentKeyword.groovy)
	at com.kms.katalon.core.webui.keyword.internal.WebUIKeywordMain.runKeyword(WebUIKeywordMain.groovy:20)
	at com.kms.katalon.core.webui.keyword.builtin.VerifyElementPresentKeyword.verifyElementPresent(VerifyElementPresentKeyword.groovy:92)
	at com.kms.katalon.core.webui.keyword.builtin.VerifyElementPresentKeyword.execute(VerifyElementPresentKeyword.groovy:68)
	at com.kms.katalon.core.keyword.internal.KeywordExecutor.executeKeywordForPlatform(KeywordExecutor.groovy:73)
	at com.kms.katalon.core.webui.keyword.WebUiBuiltInKeywords.verifyElementPresent(WebUiBuiltInKeywords.groovy:1444)
	at com.kms.katalon.core.webui.keyword.WebUiBuiltInKeywords$verifyElementPresent$20.call(Unknown Source)
	at tCC tA Test Block Quotes.run(tCC tA Test Block Quotes:44)
	at com.kms.katalon.core.main.ScriptEngine.run(ScriptEngine.java:194)
	at com.kms.katalon.core.main.ScriptEngine.runScriptAsRawText(ScriptEngine.java:119)
	at com.kms.katalon.core.main.TestCaseExecutor.runScript(TestCaseExecutor.java:339)
	at com.kms.katalon.core.main.TestCaseExecutor.doExecute(TestCaseExecutor.java:330)
	at com.kms.katalon.core.main.TestCaseExecutor.processExecutionPhase(TestCaseExecutor.java:309)
	at com.kms.katalon.core.main.TestCaseExecutor.accessMainPhase(TestCaseExecutor.java:301)
	at com.kms.katalon.core.main.TestCaseExecutor.execute(TestCaseExecutor.java:235)
	at com.kms.katalon.core.main.TestSuiteExecutor.accessTestCaseMainPhase(TestSuiteExecutor.java:191)
	at com.kms.katalon.core.main.TestSuiteExecutor.accessTestSuiteMainPhase(TestSuiteExecutor.java:141)
	at com.kms.katalon.core.main.TestSuiteExecutor.execute(TestSuiteExecutor.java:90)
	at com.kms.katalon.core.main.TestCaseMain.startTestSuite(TestCaseMain.java:157)
	at com.kms.katalon.core.main.TestCaseMain$startTestSuite$0.call(Unknown Source)
	at TempTestSuite1601332787060.run(TempTestSuite1601332787060.groovy:39)
)
	at com.kms.katalon.core.keyword.internal.KeywordMain.stepFailed(KeywordMain.groovy:39)
	at com.kms.katalon.core.webui.keyword.internal.WebUIKeywordMain.stepFailed(WebUIKeywordMain.groovy:64)
	at com.kms.katalon.core.webui.keyword.builtin.VerifyElementPresentKeyword$_verifyElementPresent_closure1.doCall(VerifyElementPresentKeyword.groovy:85)
	at com.kms.katalon.core.webui.keyword.builtin.VerifyElementPresentKeyword$_verifyElementPresent_closure1.call(VerifyElementPresentKeyword.groovy)
	at com.kms.katalon.core.webui.keyword.internal.WebUIKeywordMain.runKeyword(WebUIKeywordMain.groovy:20)
	at com.kms.katalon.core.webui.keyword.builtin.VerifyElementPresentKeyword.verifyElementPresent(VerifyElementPresentKeyword.groovy:92)
	at com.kms.katalon.core.webui.keyword.builtin.VerifyElementPresentKeyword.execute(VerifyElementPresentKeyword.groovy:68)
	at com.kms.katalon.core.keyword.internal.KeywordExecutor.executeKeywordForPlatform(KeywordExecutor.groovy:73)
	at com.kms.katalon.core.webui.keyword.WebUiBuiltInKeywords.verifyElementPresent(WebUiBuiltInKeywords.groovy:1444)
	at com.kms.katalon.core.webui.keyword.WebUiBuiltInKeywords$verifyElementPresent$20.call(Unknown Source)
	at tCC tA Test Block Quotes.run(tCC tA Test Block Quotes:44)
	at com.kms.katalon.core.main.ScriptEngine.run(ScriptEngine.java:194)
	at com.kms.katalon.core.main.ScriptEngine.runScriptAsRawText(ScriptEngine.java:119)
	at com.kms.katalon.core.main.TestCaseExecutor.runScript(TestCaseExecutor.java:339)
	at com.kms.katalon.core.main.TestCaseExecutor.doExecute(TestCaseExecutor.java:330)
	at com.kms.katalon.core.main.TestCaseExecutor.processExecutionPhase(TestCaseExecutor.java:309)
	at com.kms.katalon.core.main.TestCaseExecutor.accessMainPhase(TestCaseExecutor.java:301)
	at com.kms.katalon.core.main.TestCaseExecutor.execute(TestCaseExecutor.java:235)
	at com.kms.katalon.core.main.TestSuiteExecutor.accessTestCaseMainPhase(TestSuiteExecutor.java:191)
	at com.kms.katalon.core.main.TestSuiteExecutor.accessTestSuiteMainPhase(TestSuiteExecutor.java:141)
	at com.kms.katalon.core.main.TestSuiteExecutor.execute(TestSuiteExecutor.java:90)
	at com.kms.katalon.core.main.TestCaseMain.startTestSuite(TestCaseMain.java:157)
	at com.kms.katalon.core.main.TestCaseMain$startTestSuite$0.call(Unknown Source)
	at TempTestSuite1601332787060.run(TempTestSuite1601332787060.groovy:39)
Caused by: com.kms.katalon.core.exception.StepFailedException: com.kms.katalon.core.webui.exception.WebElementNotFoundException: Web element with id: 'Object Repository/Page_tCC translationAcademy/button_SaveEnabled' located by 'id("root")/div[@class="App"]/div[1]/div[@class="jss50"]/div[@class="jss54"]/div[@class="MuiPaper-root MuiPaper-elevation1 MuiPaper-rounded"]/div[@class="jss55"]/button[@class="MuiButtonBase-root MuiIconButton-root jss56"][count(. | //*[@type = 'button' and @aria-label = 'Save']) = count(//*[@type = 'button' and @aria-label = 'Save'])]' not found
	... 23 more]]></system-err>
   </testsuite>
</testsuites>
